<?xml version="1.0" encoding="UTF-8"?>
<!-- Generated by org.testng.reporters.JUnitReportReporter -->
<testsuite skipped="0" hostname="chamath-ThinkPad-T540p" name="org.wso2.carbon.identity.template.mgt.model.TemplateInfoTest" tests="4" failures="0" timestamp="02 Nov 2018 05:56:50 GMT" time="0.000" errors="0">
  <testcase name="testGetDescription" time="0.000" classname="org.wso2.carbon.identity.template.mgt.model.TemplateInfoTest"/>
  <testcase name="testGetTemplateName" time="0.000" classname="org.wso2.carbon.identity.template.mgt.model.TemplateInfoTest"/>
  <testcase name="testGetTenantId" time="0.000" classname="org.wso2.carbon.identity.template.mgt.model.TemplateInfoTest"/>
  <testcase name="testGetTemplateId" time="0.000" classname="org.wso2.carbon.identity.template.mgt.model.TemplateInfoTest"/>
</testsuite> <!-- org.wso2.carbon.identity.template.mgt.model.TemplateInfoTest -->
