<?xml version="1.0" encoding="UTF-8"?>
<!-- Generated by org.testng.reporters.JUnitReportReporter -->
<testsuite skipped="0" hostname="chamath-ThinkPad-T540p" name="org.wso2.carbon.identity.template.mgt.TemplateManagerImplTest" tests="18" failures="0" timestamp="02 Nov 2018 05:56:50 GMT" time="0.988" errors="0">
  <testcase name="testValidatingInputs" time="0.011" classname="org.wso2.carbon.identity.template.mgt.TemplateManagerImplTest"/>
  <testcase name="testUpdateTemplate" time="0.011" classname="org.wso2.carbon.identity.template.mgt.TemplateManagerImplTest"/>
  <testcase name="testGetTemplateByName" time="0.010" classname="org.wso2.carbon.identity.template.mgt.TemplateManagerImplTest"/>
  <testcase name="testDeleteTemplate" time="0.068" classname="org.wso2.carbon.identity.template.mgt.TemplateManagerImplTest"/>
  <testcase name="testvalidatingPaginationParameters" time="0.012" classname="org.wso2.carbon.identity.template.mgt.TemplateManagerImplTest"/>
  <testcase name="testGetTemplateList" time="0.014" classname="org.wso2.carbon.identity.template.mgt.TemplateManagerImplTest"/>
  <testcase name="testAddTemplate" time="0.011" classname="org.wso2.carbon.identity.template.mgt.TemplateManagerImplTest"/>
  <testcase name="testGetTemplateByName" time="0.009" classname="org.wso2.carbon.identity.template.mgt.TemplateManagerImplTest"/>
  <testcase name="testAddTemplate" time="0.058" classname="org.wso2.carbon.identity.template.mgt.TemplateManagerImplTest"/>
  <testcase name="testUpdateTemplate" time="0.014" classname="org.wso2.carbon.identity.template.mgt.TemplateManagerImplTest"/>
  <testcase name="testGetTemplateByName" time="0.013" classname="org.wso2.carbon.identity.template.mgt.TemplateManagerImplTest"/>
  <testcase name="testAddTemplate" time="0.009" classname="org.wso2.carbon.identity.template.mgt.TemplateManagerImplTest"/>
  <testcase name="testGetTemplateList" time="0.575" classname="org.wso2.carbon.identity.template.mgt.TemplateManagerImplTest"/>
  <testcase name="testGetTemplateList" time="0.017" classname="org.wso2.carbon.identity.template.mgt.TemplateManagerImplTest"/>
  <testcase name="testValidatingInputs" time="0.009" classname="org.wso2.carbon.identity.template.mgt.TemplateManagerImplTest"/>
  <testcase name="testValidatingInputs" time="0.124" classname="org.wso2.carbon.identity.template.mgt.TemplateManagerImplTest"/>
  <testcase name="testDeleteTemplate" time="0.010" classname="org.wso2.carbon.identity.template.mgt.TemplateManagerImplTest"/>
  <testcase name="testDeleteTemplate" time="0.013" classname="org.wso2.carbon.identity.template.mgt.TemplateManagerImplTest"/>
</testsuite> <!-- org.wso2.carbon.identity.template.mgt.TemplateManagerImplTest -->
