<?xml version="1.0" encoding="UTF-8"?>
<!-- Generated by org.testng.reporters.JUnitReportReporter -->
<testsuite skipped="0" hostname="chamath-ThinkPad-T540p" name="org.wso2.carbon.identity.template.mgt.dao.impl.TemplateManagerDAOImplTest" tests="30" failures="3" timestamp="05 Nov 2018 15:23:02 GMT" time="1.855" errors="3">
  <testcase name="testUpdateTemplateServerException" time="0.009" classname="org.wso2.carbon.identity.template.mgt.dao.impl.TemplateManagerDAOImplTest"/>
  <testcase name="testGetTemplateByNameDataAccessException" time="0.008" classname="org.wso2.carbon.identity.template.mgt.dao.impl.TemplateManagerDAOImplTest"/>
  <testcase name="testAddTemplate" time="0.011" classname="org.wso2.carbon.identity.template.mgt.dao.impl.TemplateManagerDAOImplTest"/>
  <testcase name="testUpdateTemplateServerException" time="0.012" classname="org.wso2.carbon.identity.template.mgt.dao.impl.TemplateManagerDAOImplTest"/>
  <testcase name="testUpdateTemplateServerException" time="0.010" classname="org.wso2.carbon.identity.template.mgt.dao.impl.TemplateManagerDAOImplTest"/>
  <testcase name="testUpdateTemplate" time="0.012" classname="org.wso2.carbon.identity.template.mgt.dao.impl.TemplateManagerDAOImplTest">
    <error type="org.wso2.carbon.identity.template.mgt.exception.TemplateManagementServerException" message="Error occurred while updating the template: T3 Updated.">
      <![CDATA[org.wso2.carbon.identity.template.mgt.exception.TemplateManagementServerException: Error occurred while updating the template: T3 Updated.
at org.wso2.carbon.identity.template.mgt.util.TemplateMgtUtils.handleServerException(TemplateMgtUtils.java:47)
at org.wso2.carbon.identity.template.mgt.dao.impl.TemplateManagerDAOImpl.updateTemplate(TemplateManagerDAOImpl.java:149)
at org.wso2.carbon.identity.template.mgt.dao.impl.TemplateManagerDAOImplTest.testUpdateTemplate(TemplateManagerDAOImplTest.java:223)
at sun.reflect.NativeMethodAccessorImpl.invoke0(Native Method)
at sun.reflect.NativeMethodAccessorImpl.invoke(NativeMethodAccessorImpl.java:62)
at sun.reflect.DelegatingMethodAccessorImpl.invoke(DelegatingMethodAccessorImpl.java:43)
at java.lang.reflect.Method.invoke(Method.java:498)
at org.testng.internal.MethodInvocationHelper.invokeMethod(MethodInvocationHelper.java:124)
at org.testng.internal.Invoker.invokeMethod(Invoker.java:583)
at org.testng.internal.Invoker.invokeTestMethod(Invoker.java:719)
at org.testng.internal.Invoker.invokeTestMethods(Invoker.java:989)
at org.testng.internal.TestMethodWorker.invokeTestMethods(TestMethodWorker.java:125)
at org.testng.internal.TestMethodWorker.run(TestMethodWorker.java:109)
at org.testng.TestRunner.privateRun(TestRunner.java:648)
at org.testng.TestRunner.run(TestRunner.java:505)
at org.testng.SuiteRunner.runTest(SuiteRunner.java:455)
at org.testng.SuiteRunner.runSequentially(SuiteRunner.java:450)
at org.testng.SuiteRunner.privateRun(SuiteRunner.java:415)
at org.testng.SuiteRunner.run(SuiteRunner.java:364)
at org.testng.SuiteRunnerWorker.runSuite(SuiteRunnerWorker.java:52)
at org.testng.SuiteRunnerWorker.run(SuiteRunnerWorker.java:84)
at org.testng.TestNG.runSuitesSequentially(TestNG.java:1208)
at org.testng.TestNG.runSuitesLocally(TestNG.java:1137)
at org.testng.TestNG.runSuites(TestNG.java:1049)
at org.testng.TestNG.run(TestNG.java:1017)
at org.apache.maven.surefire.testng.TestNGExecutor.run(TestNGExecutor.java:283)
at org.apache.maven.surefire.testng.TestNGXmlTestSuite.execute(TestNGXmlTestSuite.java:75)
at org.apache.maven.surefire.testng.TestNGProvider.invoke(TestNGProvider.java:120)
at org.apache.maven.surefire.booter.ForkedBooter.invokeProviderInSameClassLoader(ForkedBooter.java:386)
at org.apache.maven.surefire.booter.ForkedBooter.runSuitesInProcess(ForkedBooter.java:323)
at org.apache.maven.surefire.booter.ForkedBooter.main(ForkedBooter.java:143)
Caused by: org.wso2.carbon.database.utils.jdbc.exceptions.DataAccessException: Error in performing Database query: '%s'UPDATE IDN_TEMPLATE_MGT SET NAME= ?, DESCRIPTION= ?, TEMPLATE_SCRIPT= ? WHERE TENANT_ID= ? AND NAME = ?
at org.wso2.carbon.database.utils.jdbc.JdbcTemplate.executeUpdate(JdbcTemplate.java:230)
at org.wso2.carbon.identity.template.mgt.dao.impl.TemplateManagerDAOImpl.updateTemplate(TemplateManagerDAOImpl.java:136)
... 29 more
Caused by: org.h2.jdbc.JdbcSQLException: Parameter "#3" is not set; SQL statement:
UPDATE IDN_TEMPLATE_MGT SET NAME= ?, DESCRIPTION= ?, TEMPLATE_SCRIPT= ? WHERE TENANT_ID= ? AND NAME = ? [90012-175]
at org.h2.message.DbException.getJdbcSQLException(DbException.java:332)
at org.h2.message.DbException.get(DbException.java:172)
at org.h2.message.DbException.get(DbException.java:149)
at org.h2.expression.Parameter.checkSet(Parameter.java:80)
at org.h2.command.Prepared.checkParameters(Prepared.java:163)
at org.h2.command.CommandContainer.update(CommandContainer.java:78)
at org.h2.command.Command.executeUpdate(Command.java:253)
at org.h2.jdbc.JdbcPreparedStatement.executeUpdateInternal(JdbcPreparedStatement.java:154)
at org.h2.jdbc.JdbcPreparedStatement.executeUpdate(JdbcPreparedStatement.java:140)
at org.apache.commons.dbcp.DelegatingPreparedStatement.executeUpdate(DelegatingPreparedStatement.java:105)
at org.apache.commons.dbcp.DelegatingPreparedStatement.executeUpdate(DelegatingPreparedStatement.java:105)
at org.wso2.carbon.database.utils.jdbc.JdbcTemplate.executeUpdate(JdbcTemplate.java:223)
... 30 more
]]>
    </error>
  </testcase> <!-- testUpdateTemplate -->
  <testcase name="testDeleteTemplateDataAccessException" time="0.015" classname="org.wso2.carbon.identity.template.mgt.dao.impl.TemplateManagerDAOImplTest"/>
  <testcase name="testDeleteTemplate" time="0.135" classname="org.wso2.carbon.identity.template.mgt.dao.impl.TemplateManagerDAOImplTest"/>
  <testcase name="testGetTemplateByNameDataAccessException" time="0.017" classname="org.wso2.carbon.identity.template.mgt.dao.impl.TemplateManagerDAOImplTest"/>
  <testcase name="testGetTemplateList" time="0.015" classname="org.wso2.carbon.identity.template.mgt.dao.impl.TemplateManagerDAOImplTest"/>
  <testcase name="testGetTemplateListDataAccessException" time="0.016" classname="org.wso2.carbon.identity.template.mgt.dao.impl.TemplateManagerDAOImplTest"/>
  <testcase name="testGetTemplateByNameDataAccessException" time="0.014" classname="org.wso2.carbon.identity.template.mgt.dao.impl.TemplateManagerDAOImplTest"/>
  <testcase name="testDeleteTemplate" time="0.010" classname="org.wso2.carbon.identity.template.mgt.dao.impl.TemplateManagerDAOImplTest"/>
  <testcase name="testDeleteTemplate" time="0.018" classname="org.wso2.carbon.identity.template.mgt.dao.impl.TemplateManagerDAOImplTest"/>
  <testcase name="testAddTemplateServerException" time="0.020" classname="org.wso2.carbon.identity.template.mgt.dao.impl.TemplateManagerDAOImplTest"/>
  <testcase name="testGetTemplateListDataAccessException" time="0.011" classname="org.wso2.carbon.identity.template.mgt.dao.impl.TemplateManagerDAOImplTest"/>
  <testcase name="testAddTemplate" time="0.453" classname="org.wso2.carbon.identity.template.mgt.dao.impl.TemplateManagerDAOImplTest"/>
  <testcase name="testAddTemplateServerException" time="0.013" classname="org.wso2.carbon.identity.template.mgt.dao.impl.TemplateManagerDAOImplTest"/>
  <testcase name="testAddTemplate" time="0.010" classname="org.wso2.carbon.identity.template.mgt.dao.impl.TemplateManagerDAOImplTest"/>
  <testcase name="testAddTemplateServerException" time="0.009" classname="org.wso2.carbon.identity.template.mgt.dao.impl.TemplateManagerDAOImplTest"/>
  <testcase name="testGetTemplateList" time="0.032" classname="org.wso2.carbon.identity.template.mgt.dao.impl.TemplateManagerDAOImplTest"/>
  <testcase name="testGetTemplateListDataAccessException" time="0.209" classname="org.wso2.carbon.identity.template.mgt.dao.impl.TemplateManagerDAOImplTest"/>
  <testcase name="testUpdateTemplate" time="0.009" classname="org.wso2.carbon.identity.template.mgt.dao.impl.TemplateManagerDAOImplTest">
    <error type="org.wso2.carbon.identity.template.mgt.exception.TemplateManagementServerException" message="Error occurred while updating the template: T2 Updated.">
      <![CDATA[org.wso2.carbon.identity.template.mgt.exception.TemplateManagementServerException: Error occurred while updating the template: T2 Updated.
at org.wso2.carbon.identity.template.mgt.util.TemplateMgtUtils.handleServerException(TemplateMgtUtils.java:47)
at org.wso2.carbon.identity.template.mgt.dao.impl.TemplateManagerDAOImpl.updateTemplate(TemplateManagerDAOImpl.java:149)
at org.wso2.carbon.identity.template.mgt.dao.impl.TemplateManagerDAOImplTest.testUpdateTemplate(TemplateManagerDAOImplTest.java:223)
at sun.reflect.NativeMethodAccessorImpl.invoke0(Native Method)
at sun.reflect.NativeMethodAccessorImpl.invoke(NativeMethodAccessorImpl.java:62)
at sun.reflect.DelegatingMethodAccessorImpl.invoke(DelegatingMethodAccessorImpl.java:43)
at java.lang.reflect.Method.invoke(Method.java:498)
at org.testng.internal.MethodInvocationHelper.invokeMethod(MethodInvocationHelper.java:124)
at org.testng.internal.Invoker.invokeMethod(Invoker.java:583)
at org.testng.internal.Invoker.invokeTestMethod(Invoker.java:719)
at org.testng.internal.Invoker.invokeTestMethods(Invoker.java:989)
at org.testng.internal.TestMethodWorker.invokeTestMethods(TestMethodWorker.java:125)
at org.testng.internal.TestMethodWorker.run(TestMethodWorker.java:109)
at org.testng.TestRunner.privateRun(TestRunner.java:648)
at org.testng.TestRunner.run(TestRunner.java:505)
at org.testng.SuiteRunner.runTest(SuiteRunner.java:455)
at org.testng.SuiteRunner.runSequentially(SuiteRunner.java:450)
at org.testng.SuiteRunner.privateRun(SuiteRunner.java:415)
at org.testng.SuiteRunner.run(SuiteRunner.java:364)
at org.testng.SuiteRunnerWorker.runSuite(SuiteRunnerWorker.java:52)
at org.testng.SuiteRunnerWorker.run(SuiteRunnerWorker.java:84)
at org.testng.TestNG.runSuitesSequentially(TestNG.java:1208)
at org.testng.TestNG.runSuitesLocally(TestNG.java:1137)
at org.testng.TestNG.runSuites(TestNG.java:1049)
at org.testng.TestNG.run(TestNG.java:1017)
at org.apache.maven.surefire.testng.TestNGExecutor.run(TestNGExecutor.java:283)
at org.apache.maven.surefire.testng.TestNGXmlTestSuite.execute(TestNGXmlTestSuite.java:75)
at org.apache.maven.surefire.testng.TestNGProvider.invoke(TestNGProvider.java:120)
at org.apache.maven.surefire.booter.ForkedBooter.invokeProviderInSameClassLoader(ForkedBooter.java:386)
at org.apache.maven.surefire.booter.ForkedBooter.runSuitesInProcess(ForkedBooter.java:323)
at org.apache.maven.surefire.booter.ForkedBooter.main(ForkedBooter.java:143)
Caused by: org.wso2.carbon.database.utils.jdbc.exceptions.DataAccessException: Error in performing Database query: '%s'UPDATE IDN_TEMPLATE_MGT SET NAME= ?, DESCRIPTION= ?, TEMPLATE_SCRIPT= ? WHERE TENANT_ID= ? AND NAME = ?
at org.wso2.carbon.database.utils.jdbc.JdbcTemplate.executeUpdate(JdbcTemplate.java:230)
at org.wso2.carbon.identity.template.mgt.dao.impl.TemplateManagerDAOImpl.updateTemplate(TemplateManagerDAOImpl.java:136)
... 29 more
Caused by: org.h2.jdbc.JdbcSQLException: Parameter "#3" is not set; SQL statement:
UPDATE IDN_TEMPLATE_MGT SET NAME= ?, DESCRIPTION= ?, TEMPLATE_SCRIPT= ? WHERE TENANT_ID= ? AND NAME = ? [90012-175]
at org.h2.message.DbException.getJdbcSQLException(DbException.java:332)
at org.h2.message.DbException.get(DbException.java:172)
at org.h2.message.DbException.get(DbException.java:149)
at org.h2.expression.Parameter.checkSet(Parameter.java:80)
at org.h2.command.Prepared.checkParameters(Prepared.java:163)
at org.h2.command.CommandContainer.update(CommandContainer.java:78)
at org.h2.command.Command.executeUpdate(Command.java:253)
at org.h2.jdbc.JdbcPreparedStatement.executeUpdateInternal(JdbcPreparedStatement.java:154)
at org.h2.jdbc.JdbcPreparedStatement.executeUpdate(JdbcPreparedStatement.java:140)
at org.apache.commons.dbcp.DelegatingPreparedStatement.executeUpdate(DelegatingPreparedStatement.java:105)
at org.apache.commons.dbcp.DelegatingPreparedStatement.executeUpdate(DelegatingPreparedStatement.java:105)
at org.wso2.carbon.database.utils.jdbc.JdbcTemplate.executeUpdate(JdbcTemplate.java:223)
... 30 more
]]>
    </error>
  </testcase> <!-- testUpdateTemplate -->
  <testcase name="testGetTemplateByName" time="0.011" classname="org.wso2.carbon.identity.template.mgt.dao.impl.TemplateManagerDAOImplTest">
    <failure type="java.lang.AssertionError" message="expected [&lt;!-- You can customize the user prompt template here... --&gt;	&lt;div class=&quot;uppercase&quot;&gt;    &lt;h3&gt;Welcome {{name}}&lt;/h3&gt;&lt;/div&gt;&lt;div class=&quot;boarder-all &quot;&gt;    &lt;div class=&quot;clearfix&quot;&gt;&lt;/div&gt;    &lt;div class=&quot;padding-double login-form&quot;&gt;        &lt;form id=&quot;template-form&quot; method=&quot;POST&quot;&gt; &lt;!-- *DO NOT CHANGE THIS* --&gt;            &lt;div class=&quot;col-xs-12 col-sm-12 col-md-12 col-lg-12 form-group required&quot;&gt;                &lt;!-- Add the required input field/s here...                It should follow the below mentioned format--&gt;                &lt;label for=&quot;sampleInput&quot; class=&quot;control-label&quot;&gt;sample input&lt;/label&gt;                &lt;input type=&quot;text&quot; id=&quot;sampleInput&quot; name=&quot;sample_input&quot; class=&quot;form-control&quot; placeholder=&quot;sample input placeholder&quot; /&gt;            &lt;/div&gt;            &lt;input type=&quot;hidden&quot; id=&quot;promptResp&quot; name=&quot;promptResp&quot; value=&quot;true&quot;&gt; &lt;!-- *DO NOT CHANGE THIS* --&gt;            &lt;input type=&quot;hidden&quot; id=&quot;promptId&quot; name=&quot;promptId&quot;&gt; &lt;!-- *DO NOT CHANGE THIS* --&gt;            &lt;div class=&quot;col-xs-12 col-sm-12 col-md-12 col-lg-12 form-group required&quot;&gt;                &lt;input type=&quot;submit&quot; class=&quot;wr-btn grey-bg col-xs-12 col-md-12 col-lg-12 uppercase font-extra-large&quot; value=&quot;Submit&quot;&gt;            &lt;/div&gt;        &lt;/form&gt;        &lt;div class=&quot;clearfix&quot;&gt;&lt;/div&gt;    &lt;/div&gt;&lt;/div&gt;] but found [&lt;!-- You can customize the user prompt template here... --&gt;
	
&lt;div class=&quot;uppercase&quot;&gt;
    &lt;h3&gt;Welcome {{name}}&lt;/h3&gt;
&lt;/div&gt;

&lt;div class=&quot;boarder-all &quot;&gt;
    &lt;div class=&quot;clearfix&quot;&gt;&lt;/div&gt;
    &lt;div class=&quot;padding-double login-form&quot;&gt;

        &lt;form id=&quot;template-form&quot; method=&quot;POST&quot;&gt; &lt;!-- *DO NOT CHANGE THIS* --&gt;
            &lt;div class=&quot;col-xs-12 col-sm-12 col-md-12 col-lg-12 form-group required&quot;&gt;

                &lt;!-- Add the required input field/s here...
                It should follow the below mentioned format--&gt;

                &lt;label for=&quot;sampleInput&quot; class=&quot;control-label&quot;&gt;sample input&lt;/label&gt;
                &lt;input type=&quot;text&quot; id=&quot;sampleInput&quot; name=&quot;sample_input&quot; class=&quot;form-control&quot; placeholder=&quot;sample input placeholder&quot; /&gt;

            &lt;/div&gt;

            &lt;input type=&quot;hidden&quot; id=&quot;promptResp&quot; name=&quot;promptResp&quot; value=&quot;true&quot;&gt; &lt;!-- *DO NOT CHANGE THIS* --&gt;
            &lt;input type=&quot;hidden&quot; id=&quot;promptId&quot; name=&quot;promptId&quot;&gt; &lt;!-- *DO NOT CHANGE THIS* --&gt;

            &lt;div class=&quot;col-xs-12 col-sm-12 col-md-12 col-lg-12 form-group required&quot;&gt;
                &lt;input type=&quot;submit&quot; class=&quot;wr-btn grey-bg col-xs-12 col-md-12 col-lg-12 uppercase font-extra-large&quot; value=&quot;Submit&quot;&gt;
            &lt;/div&gt;
        &lt;/form&gt;
        &lt;div class=&quot;clearfix&quot;&gt;&lt;/div&gt;
    &lt;/div&gt;
&lt;/div&gt;]">
      <![CDATA[java.lang.AssertionError: expected [<!-- You can customize the user prompt template here... --><div class="uppercase">    <h3>Welcome {{name}}</h3></div><div class="boarder-all ">    <div class="clearfix"></div>    <div class="padding-double login-form">        <form id="template-form" method="POST"> <!-- *DO NOT CHANGE THIS* -->            <div class="col-xs-12 col-sm-12 col-md-12 col-lg-12 form-group required">                <!-- Add the required input field/s here...                It should follow the below mentioned format-->                <label for="sampleInput" class="control-label">sample input</label>                <input type="text" id="sampleInput" name="sample_input" class="form-control" placeholder="sample input placeholder" />            </div>            <input type="hidden" id="promptResp" name="promptResp" value="true"> <!-- *DO NOT CHANGE THIS* -->            <input type="hidden" id="promptId" name="promptId"> <!-- *DO NOT CHANGE THIS* -->            <div class="col-xs-12 col-sm-12 col-md-12 col-lg-12 form-group required">                <input type="submit" class="wr-btn grey-bg col-xs-12 col-md-12 col-lg-12 uppercase font-extra-large" value="Submit">            </div>        </form>        <div class="clearfix"></div>    </div></div>] but found [<!-- You can customize the user prompt template here... -->

<div class="uppercase">
    <h3>Welcome {{name}}</h3>
</div>

<div class="boarder-all ">
    <div class="clearfix"></div>
    <div class="padding-double login-form">

        <form id="template-form" method="POST"> <!-- *DO NOT CHANGE THIS* -->
            <div class="col-xs-12 col-sm-12 col-md-12 col-lg-12 form-group required">

                <!-- Add the required input field/s here...
                It should follow the below mentioned format-->

                <label for="sampleInput" class="control-label">sample input</label>
                <input type="text" id="sampleInput" name="sample_input" class="form-control" placeholder="sample input placeholder" />

            </div>

            <input type="hidden" id="promptResp" name="promptResp" value="true"> <!-- *DO NOT CHANGE THIS* -->
            <input type="hidden" id="promptId" name="promptId"> <!-- *DO NOT CHANGE THIS* -->

            <div class="col-xs-12 col-sm-12 col-md-12 col-lg-12 form-group required">
                <input type="submit" class="wr-btn grey-bg col-xs-12 col-md-12 col-lg-12 uppercase font-extra-large" value="Submit">
            </div>
        </form>
        <div class="clearfix"></div>
    </div>
</div>]
at org.testng.Assert.fail(Assert.java:96)
at org.testng.Assert.failNotEquals(Assert.java:776)
at org.testng.Assert.assertEqualsImpl(Assert.java:137)
at org.testng.Assert.assertEquals(Assert.java:118)
at org.testng.Assert.assertEquals(Assert.java:453)
at org.testng.Assert.assertEquals(Assert.java:463)
at org.wso2.carbon.identity.template.mgt.dao.impl.TemplateManagerDAOImplTest.testGetTemplateByName(TemplateManagerDAOImplTest.java:263)
at sun.reflect.NativeMethodAccessorImpl.invoke0(Native Method)
at sun.reflect.NativeMethodAccessorImpl.invoke(NativeMethodAccessorImpl.java:62)
at sun.reflect.DelegatingMethodAccessorImpl.invoke(DelegatingMethodAccessorImpl.java:43)
at java.lang.reflect.Method.invoke(Method.java:498)
at org.testng.internal.MethodInvocationHelper.invokeMethod(MethodInvocationHelper.java:124)
at org.testng.internal.Invoker.invokeMethod(Invoker.java:583)
at org.testng.internal.Invoker.invokeTestMethod(Invoker.java:719)
at org.testng.internal.Invoker.invokeTestMethods(Invoker.java:989)
at org.testng.internal.TestMethodWorker.invokeTestMethods(TestMethodWorker.java:125)
at org.testng.internal.TestMethodWorker.run(TestMethodWorker.java:109)
at org.testng.TestRunner.privateRun(TestRunner.java:648)
at org.testng.TestRunner.run(TestRunner.java:505)
at org.testng.SuiteRunner.runTest(SuiteRunner.java:455)
at org.testng.SuiteRunner.runSequentially(SuiteRunner.java:450)
at org.testng.SuiteRunner.privateRun(SuiteRunner.java:415)
at org.testng.SuiteRunner.run(SuiteRunner.java:364)
at org.testng.SuiteRunnerWorker.runSuite(SuiteRunnerWorker.java:52)
at org.testng.SuiteRunnerWorker.run(SuiteRunnerWorker.java:84)
at org.testng.TestNG.runSuitesSequentially(TestNG.java:1208)
at org.testng.TestNG.runSuitesLocally(TestNG.java:1137)
at org.testng.TestNG.runSuites(TestNG.java:1049)
at org.testng.TestNG.run(TestNG.java:1017)
at org.apache.maven.surefire.testng.TestNGExecutor.run(TestNGExecutor.java:283)
at org.apache.maven.surefire.testng.TestNGXmlTestSuite.execute(TestNGXmlTestSuite.java:75)
at org.apache.maven.surefire.testng.TestNGProvider.invoke(TestNGProvider.java:120)
at org.apache.maven.surefire.booter.ForkedBooter.invokeProviderInSameClassLoader(ForkedBooter.java:386)
at org.apache.maven.surefire.booter.ForkedBooter.runSuitesInProcess(ForkedBooter.java:323)
at org.apache.maven.surefire.booter.ForkedBooter.main(ForkedBooter.java:143)
]]>
    </failure>
  </testcase> <!-- testGetTemplateByName -->
  <testcase name="testGetTemplateList" time="0.012" classname="org.wso2.carbon.identity.template.mgt.dao.impl.TemplateManagerDAOImplTest"/>
  <testcase name="testGetTemplateByName" time="0.023" classname="org.wso2.carbon.identity.template.mgt.dao.impl.TemplateManagerDAOImplTest">
    <failure type="java.lang.AssertionError" message="expected [&lt;!-- You can customize the user prompt template here... --&gt;	&lt;div class=&quot;uppercase&quot;&gt;    &lt;h3&gt;Welcome {{name}}&lt;/h3&gt;&lt;/div&gt;&lt;div class=&quot;boarder-all &quot;&gt;    &lt;div class=&quot;clearfix&quot;&gt;&lt;/div&gt;    &lt;div class=&quot;padding-double login-form&quot;&gt;        &lt;form id=&quot;template-form&quot; method=&quot;POST&quot;&gt; &lt;!-- *DO NOT CHANGE THIS* --&gt;            &lt;div class=&quot;col-xs-12 col-sm-12 col-md-12 col-lg-12 form-group required&quot;&gt;                &lt;!-- Add the required input field/s here...                It should follow the below mentioned format--&gt;                &lt;label for=&quot;sampleInput&quot; class=&quot;control-label&quot;&gt;sample input&lt;/label&gt;                &lt;input type=&quot;text&quot; id=&quot;sampleInput&quot; name=&quot;sample_input&quot; class=&quot;form-control&quot; placeholder=&quot;sample input placeholder&quot; /&gt;            &lt;/div&gt;            &lt;input type=&quot;hidden&quot; id=&quot;promptResp&quot; name=&quot;promptResp&quot; value=&quot;true&quot;&gt; &lt;!-- *DO NOT CHANGE THIS* --&gt;            &lt;input type=&quot;hidden&quot; id=&quot;promptId&quot; name=&quot;promptId&quot;&gt; &lt;!-- *DO NOT CHANGE THIS* --&gt;            &lt;div class=&quot;col-xs-12 col-sm-12 col-md-12 col-lg-12 form-group required&quot;&gt;                &lt;input type=&quot;submit&quot; class=&quot;wr-btn grey-bg col-xs-12 col-md-12 col-lg-12 uppercase font-extra-large&quot; value=&quot;Submit&quot;&gt;            &lt;/div&gt;        &lt;/form&gt;        &lt;div class=&quot;clearfix&quot;&gt;&lt;/div&gt;    &lt;/div&gt;&lt;/div&gt;] but found [&lt;!-- You can customize the user prompt template here... --&gt;
	
&lt;div class=&quot;uppercase&quot;&gt;
    &lt;h3&gt;Welcome {{name}}&lt;/h3&gt;
&lt;/div&gt;

&lt;div class=&quot;boarder-all &quot;&gt;
    &lt;div class=&quot;clearfix&quot;&gt;&lt;/div&gt;
    &lt;div class=&quot;padding-double login-form&quot;&gt;

        &lt;form id=&quot;template-form&quot; method=&quot;POST&quot;&gt; &lt;!-- *DO NOT CHANGE THIS* --&gt;
            &lt;div class=&quot;col-xs-12 col-sm-12 col-md-12 col-lg-12 form-group required&quot;&gt;

                &lt;!-- Add the required input field/s here...
                It should follow the below mentioned format--&gt;

                &lt;label for=&quot;sampleInput&quot; class=&quot;control-label&quot;&gt;sample input&lt;/label&gt;
                &lt;input type=&quot;text&quot; id=&quot;sampleInput&quot; name=&quot;sample_input&quot; class=&quot;form-control&quot; placeholder=&quot;sample input placeholder&quot; /&gt;

            &lt;/div&gt;

            &lt;input type=&quot;hidden&quot; id=&quot;promptResp&quot; name=&quot;promptResp&quot; value=&quot;true&quot;&gt; &lt;!-- *DO NOT CHANGE THIS* --&gt;
            &lt;input type=&quot;hidden&quot; id=&quot;promptId&quot; name=&quot;promptId&quot;&gt; &lt;!-- *DO NOT CHANGE THIS* --&gt;

            &lt;div class=&quot;col-xs-12 col-sm-12 col-md-12 col-lg-12 form-group required&quot;&gt;
                &lt;input type=&quot;submit&quot; class=&quot;wr-btn grey-bg col-xs-12 col-md-12 col-lg-12 uppercase font-extra-large&quot; value=&quot;Submit&quot;&gt;
            &lt;/div&gt;
        &lt;/form&gt;
        &lt;div class=&quot;clearfix&quot;&gt;&lt;/div&gt;
    &lt;/div&gt;
&lt;/div&gt;]">
      <![CDATA[java.lang.AssertionError: expected [<!-- You can customize the user prompt template here... --><div class="uppercase">    <h3>Welcome {{name}}</h3></div><div class="boarder-all ">    <div class="clearfix"></div>    <div class="padding-double login-form">        <form id="template-form" method="POST"> <!-- *DO NOT CHANGE THIS* -->            <div class="col-xs-12 col-sm-12 col-md-12 col-lg-12 form-group required">                <!-- Add the required input field/s here...                It should follow the below mentioned format-->                <label for="sampleInput" class="control-label">sample input</label>                <input type="text" id="sampleInput" name="sample_input" class="form-control" placeholder="sample input placeholder" />            </div>            <input type="hidden" id="promptResp" name="promptResp" value="true"> <!-- *DO NOT CHANGE THIS* -->            <input type="hidden" id="promptId" name="promptId"> <!-- *DO NOT CHANGE THIS* -->            <div class="col-xs-12 col-sm-12 col-md-12 col-lg-12 form-group required">                <input type="submit" class="wr-btn grey-bg col-xs-12 col-md-12 col-lg-12 uppercase font-extra-large" value="Submit">            </div>        </form>        <div class="clearfix"></div>    </div></div>] but found [<!-- You can customize the user prompt template here... -->

<div class="uppercase">
    <h3>Welcome {{name}}</h3>
</div>

<div class="boarder-all ">
    <div class="clearfix"></div>
    <div class="padding-double login-form">

        <form id="template-form" method="POST"> <!-- *DO NOT CHANGE THIS* -->
            <div class="col-xs-12 col-sm-12 col-md-12 col-lg-12 form-group required">

                <!-- Add the required input field/s here...
                It should follow the below mentioned format-->

                <label for="sampleInput" class="control-label">sample input</label>
                <input type="text" id="sampleInput" name="sample_input" class="form-control" placeholder="sample input placeholder" />

            </div>

            <input type="hidden" id="promptResp" name="promptResp" value="true"> <!-- *DO NOT CHANGE THIS* -->
            <input type="hidden" id="promptId" name="promptId"> <!-- *DO NOT CHANGE THIS* -->

            <div class="col-xs-12 col-sm-12 col-md-12 col-lg-12 form-group required">
                <input type="submit" class="wr-btn grey-bg col-xs-12 col-md-12 col-lg-12 uppercase font-extra-large" value="Submit">
            </div>
        </form>
        <div class="clearfix"></div>
    </div>
</div>]
at org.testng.Assert.fail(Assert.java:96)
at org.testng.Assert.failNotEquals(Assert.java:776)
at org.testng.Assert.assertEqualsImpl(Assert.java:137)
at org.testng.Assert.assertEquals(Assert.java:118)
at org.testng.Assert.assertEquals(Assert.java:453)
at org.testng.Assert.assertEquals(Assert.java:463)
at org.wso2.carbon.identity.template.mgt.dao.impl.TemplateManagerDAOImplTest.testGetTemplateByName(TemplateManagerDAOImplTest.java:263)
at sun.reflect.NativeMethodAccessorImpl.invoke0(Native Method)
at sun.reflect.NativeMethodAccessorImpl.invoke(NativeMethodAccessorImpl.java:62)
at sun.reflect.DelegatingMethodAccessorImpl.invoke(DelegatingMethodAccessorImpl.java:43)
at java.lang.reflect.Method.invoke(Method.java:498)
at org.testng.internal.MethodInvocationHelper.invokeMethod(MethodInvocationHelper.java:124)
at org.testng.internal.Invoker.invokeMethod(Invoker.java:583)
at org.testng.internal.Invoker.invokeTestMethod(Invoker.java:719)
at org.testng.internal.Invoker.invokeTestMethods(Invoker.java:989)
at org.testng.internal.TestMethodWorker.invokeTestMethods(TestMethodWorker.java:125)
at org.testng.internal.TestMethodWorker.run(TestMethodWorker.java:109)
at org.testng.TestRunner.privateRun(TestRunner.java:648)
at org.testng.TestRunner.run(TestRunner.java:505)
at org.testng.SuiteRunner.runTest(SuiteRunner.java:455)
at org.testng.SuiteRunner.runSequentially(SuiteRunner.java:450)
at org.testng.SuiteRunner.privateRun(SuiteRunner.java:415)
at org.testng.SuiteRunner.run(SuiteRunner.java:364)
at org.testng.SuiteRunnerWorker.runSuite(SuiteRunnerWorker.java:52)
at org.testng.SuiteRunnerWorker.run(SuiteRunnerWorker.java:84)
at org.testng.TestNG.runSuitesSequentially(TestNG.java:1208)
at org.testng.TestNG.runSuitesLocally(TestNG.java:1137)
at org.testng.TestNG.runSuites(TestNG.java:1049)
at org.testng.TestNG.run(TestNG.java:1017)
at org.apache.maven.surefire.testng.TestNGExecutor.run(TestNGExecutor.java:283)
at org.apache.maven.surefire.testng.TestNGXmlTestSuite.execute(TestNGXmlTestSuite.java:75)
at org.apache.maven.surefire.testng.TestNGProvider.invoke(TestNGProvider.java:120)
at org.apache.maven.surefire.booter.ForkedBooter.invokeProviderInSameClassLoader(ForkedBooter.java:386)
at org.apache.maven.surefire.booter.ForkedBooter.runSuitesInProcess(ForkedBooter.java:323)
at org.apache.maven.surefire.booter.ForkedBooter.main(ForkedBooter.java:143)
]]>
    </failure>
  </testcase> <!-- testGetTemplateByName -->
  <testcase name="testGetTemplateByName" time="0.016" classname="org.wso2.carbon.identity.template.mgt.dao.impl.TemplateManagerDAOImplTest">
    <failure type="java.lang.AssertionError" message="expected [&lt;!-- You can customize the user prompt template here... --&gt;	&lt;div class=&quot;uppercase&quot;&gt;    &lt;h3&gt;Welcome {{name}}&lt;/h3&gt;&lt;/div&gt;&lt;div class=&quot;boarder-all &quot;&gt;    &lt;div class=&quot;clearfix&quot;&gt;&lt;/div&gt;    &lt;div class=&quot;padding-double login-form&quot;&gt;        &lt;form id=&quot;template-form&quot; method=&quot;POST&quot;&gt; &lt;!-- *DO NOT CHANGE THIS* --&gt;            &lt;div class=&quot;col-xs-12 col-sm-12 col-md-12 col-lg-12 form-group required&quot;&gt;                &lt;!-- Add the required input field/s here...                It should follow the below mentioned format--&gt;                &lt;label for=&quot;sampleInput&quot; class=&quot;control-label&quot;&gt;sample input&lt;/label&gt;                &lt;input type=&quot;text&quot; id=&quot;sampleInput&quot; name=&quot;sample_input&quot; class=&quot;form-control&quot; placeholder=&quot;sample input placeholder&quot; /&gt;            &lt;/div&gt;            &lt;input type=&quot;hidden&quot; id=&quot;promptResp&quot; name=&quot;promptResp&quot; value=&quot;true&quot;&gt; &lt;!-- *DO NOT CHANGE THIS* --&gt;            &lt;input type=&quot;hidden&quot; id=&quot;promptId&quot; name=&quot;promptId&quot;&gt; &lt;!-- *DO NOT CHANGE THIS* --&gt;            &lt;div class=&quot;col-xs-12 col-sm-12 col-md-12 col-lg-12 form-group required&quot;&gt;                &lt;input type=&quot;submit&quot; class=&quot;wr-btn grey-bg col-xs-12 col-md-12 col-lg-12 uppercase font-extra-large&quot; value=&quot;Submit&quot;&gt;            &lt;/div&gt;        &lt;/form&gt;        &lt;div class=&quot;clearfix&quot;&gt;&lt;/div&gt;    &lt;/div&gt;&lt;/div&gt;] but found [&lt;!-- You can customize the user prompt template here... --&gt;
	
&lt;div class=&quot;uppercase&quot;&gt;
    &lt;h3&gt;Welcome {{name}}&lt;/h3&gt;
&lt;/div&gt;

&lt;div class=&quot;boarder-all &quot;&gt;
    &lt;div class=&quot;clearfix&quot;&gt;&lt;/div&gt;
    &lt;div class=&quot;padding-double login-form&quot;&gt;

        &lt;form id=&quot;template-form&quot; method=&quot;POST&quot;&gt; &lt;!-- *DO NOT CHANGE THIS* --&gt;
            &lt;div class=&quot;col-xs-12 col-sm-12 col-md-12 col-lg-12 form-group required&quot;&gt;

                &lt;!-- Add the required input field/s here...
                It should follow the below mentioned format--&gt;

                &lt;label for=&quot;sampleInput&quot; class=&quot;control-label&quot;&gt;sample input&lt;/label&gt;
                &lt;input type=&quot;text&quot; id=&quot;sampleInput&quot; name=&quot;sample_input&quot; class=&quot;form-control&quot; placeholder=&quot;sample input placeholder&quot; /&gt;

            &lt;/div&gt;

            &lt;input type=&quot;hidden&quot; id=&quot;promptResp&quot; name=&quot;promptResp&quot; value=&quot;true&quot;&gt; &lt;!-- *DO NOT CHANGE THIS* --&gt;
            &lt;input type=&quot;hidden&quot; id=&quot;promptId&quot; name=&quot;promptId&quot;&gt; &lt;!-- *DO NOT CHANGE THIS* --&gt;

            &lt;div class=&quot;col-xs-12 col-sm-12 col-md-12 col-lg-12 form-group required&quot;&gt;
                &lt;input type=&quot;submit&quot; class=&quot;wr-btn grey-bg col-xs-12 col-md-12 col-lg-12 uppercase font-extra-large&quot; value=&quot;Submit&quot;&gt;
            &lt;/div&gt;
        &lt;/form&gt;
        &lt;div class=&quot;clearfix&quot;&gt;&lt;/div&gt;
    &lt;/div&gt;
&lt;/div&gt;]">
      <![CDATA[java.lang.AssertionError: expected [<!-- You can customize the user prompt template here... --><div class="uppercase">    <h3>Welcome {{name}}</h3></div><div class="boarder-all ">    <div class="clearfix"></div>    <div class="padding-double login-form">        <form id="template-form" method="POST"> <!-- *DO NOT CHANGE THIS* -->            <div class="col-xs-12 col-sm-12 col-md-12 col-lg-12 form-group required">                <!-- Add the required input field/s here...                It should follow the below mentioned format-->                <label for="sampleInput" class="control-label">sample input</label>                <input type="text" id="sampleInput" name="sample_input" class="form-control" placeholder="sample input placeholder" />            </div>            <input type="hidden" id="promptResp" name="promptResp" value="true"> <!-- *DO NOT CHANGE THIS* -->            <input type="hidden" id="promptId" name="promptId"> <!-- *DO NOT CHANGE THIS* -->            <div class="col-xs-12 col-sm-12 col-md-12 col-lg-12 form-group required">                <input type="submit" class="wr-btn grey-bg col-xs-12 col-md-12 col-lg-12 uppercase font-extra-large" value="Submit">            </div>        </form>        <div class="clearfix"></div>    </div></div>] but found [<!-- You can customize the user prompt template here... -->

<div class="uppercase">
    <h3>Welcome {{name}}</h3>
</div>

<div class="boarder-all ">
    <div class="clearfix"></div>
    <div class="padding-double login-form">

        <form id="template-form" method="POST"> <!-- *DO NOT CHANGE THIS* -->
            <div class="col-xs-12 col-sm-12 col-md-12 col-lg-12 form-group required">

                <!-- Add the required input field/s here...
                It should follow the below mentioned format-->

                <label for="sampleInput" class="control-label">sample input</label>
                <input type="text" id="sampleInput" name="sample_input" class="form-control" placeholder="sample input placeholder" />

            </div>

            <input type="hidden" id="promptResp" name="promptResp" value="true"> <!-- *DO NOT CHANGE THIS* -->
            <input type="hidden" id="promptId" name="promptId"> <!-- *DO NOT CHANGE THIS* -->

            <div class="col-xs-12 col-sm-12 col-md-12 col-lg-12 form-group required">
                <input type="submit" class="wr-btn grey-bg col-xs-12 col-md-12 col-lg-12 uppercase font-extra-large" value="Submit">
            </div>
        </form>
        <div class="clearfix"></div>
    </div>
</div>]
at org.testng.Assert.fail(Assert.java:96)
at org.testng.Assert.failNotEquals(Assert.java:776)
at org.testng.Assert.assertEqualsImpl(Assert.java:137)
at org.testng.Assert.assertEquals(Assert.java:118)
at org.testng.Assert.assertEquals(Assert.java:453)
at org.testng.Assert.assertEquals(Assert.java:463)
at org.wso2.carbon.identity.template.mgt.dao.impl.TemplateManagerDAOImplTest.testGetTemplateByName(TemplateManagerDAOImplTest.java:263)
at sun.reflect.NativeMethodAccessorImpl.invoke0(Native Method)
at sun.reflect.NativeMethodAccessorImpl.invoke(NativeMethodAccessorImpl.java:62)
at sun.reflect.DelegatingMethodAccessorImpl.invoke(DelegatingMethodAccessorImpl.java:43)
at java.lang.reflect.Method.invoke(Method.java:498)
at org.testng.internal.MethodInvocationHelper.invokeMethod(MethodInvocationHelper.java:124)
at org.testng.internal.Invoker.invokeMethod(Invoker.java:583)
at org.testng.internal.Invoker.invokeTestMethod(Invoker.java:719)
at org.testng.internal.Invoker.invokeTestMethods(Invoker.java:989)
at org.testng.internal.TestMethodWorker.invokeTestMethods(TestMethodWorker.java:125)
at org.testng.internal.TestMethodWorker.run(TestMethodWorker.java:109)
at org.testng.TestRunner.privateRun(TestRunner.java:648)
at org.testng.TestRunner.run(TestRunner.java:505)
at org.testng.SuiteRunner.runTest(SuiteRunner.java:455)
at org.testng.SuiteRunner.runSequentially(SuiteRunner.java:450)
at org.testng.SuiteRunner.privateRun(SuiteRunner.java:415)
at org.testng.SuiteRunner.run(SuiteRunner.java:364)
at org.testng.SuiteRunnerWorker.runSuite(SuiteRunnerWorker.java:52)
at org.testng.SuiteRunnerWorker.run(SuiteRunnerWorker.java:84)
at org.testng.TestNG.runSuitesSequentially(TestNG.java:1208)
at org.testng.TestNG.runSuitesLocally(TestNG.java:1137)
at org.testng.TestNG.runSuites(TestNG.java:1049)
at org.testng.TestNG.run(TestNG.java:1017)
at org.apache.maven.surefire.testng.TestNGExecutor.run(TestNGExecutor.java:283)
at org.apache.maven.surefire.testng.TestNGXmlTestSuite.execute(TestNGXmlTestSuite.java:75)
at org.apache.maven.surefire.testng.TestNGProvider.invoke(TestNGProvider.java:120)
at org.apache.maven.surefire.booter.ForkedBooter.invokeProviderInSameClassLoader(ForkedBooter.java:386)
at org.apache.maven.surefire.booter.ForkedBooter.runSuitesInProcess(ForkedBooter.java:323)
at org.apache.maven.surefire.booter.ForkedBooter.main(ForkedBooter.java:143)
]]>
    </failure>
  </testcase> <!-- testGetTemplateByName -->
  <testcase name="testUpdateTemplate" time="0.701" classname="org.wso2.carbon.identity.template.mgt.dao.impl.TemplateManagerDAOImplTest">
    <error type="org.wso2.carbon.identity.template.mgt.exception.TemplateManagementServerException" message="Error occurred while updating the template: T1 Updated.">
      <![CDATA[org.wso2.carbon.identity.template.mgt.exception.TemplateManagementServerException: Error occurred while updating the template: T1 Updated.
at org.wso2.carbon.identity.template.mgt.util.TemplateMgtUtils.handleServerException(TemplateMgtUtils.java:47)
at org.wso2.carbon.identity.template.mgt.dao.impl.TemplateManagerDAOImpl.updateTemplate(TemplateManagerDAOImpl.java:149)
at org.wso2.carbon.identity.template.mgt.dao.impl.TemplateManagerDAOImplTest.testUpdateTemplate(TemplateManagerDAOImplTest.java:223)
at sun.reflect.NativeMethodAccessorImpl.invoke0(Native Method)
at sun.reflect.NativeMethodAccessorImpl.invoke(NativeMethodAccessorImpl.java:62)
at sun.reflect.DelegatingMethodAccessorImpl.invoke(DelegatingMethodAccessorImpl.java:43)
at java.lang.reflect.Method.invoke(Method.java:498)
at org.testng.internal.MethodInvocationHelper.invokeMethod(MethodInvocationHelper.java:124)
at org.testng.internal.Invoker.invokeMethod(Invoker.java:583)
at org.testng.internal.Invoker.invokeTestMethod(Invoker.java:719)
at org.testng.internal.Invoker.invokeTestMethods(Invoker.java:989)
at org.testng.internal.TestMethodWorker.invokeTestMethods(TestMethodWorker.java:125)
at org.testng.internal.TestMethodWorker.run(TestMethodWorker.java:109)
at org.testng.TestRunner.privateRun(TestRunner.java:648)
at org.testng.TestRunner.run(TestRunner.java:505)
at org.testng.SuiteRunner.runTest(SuiteRunner.java:455)
at org.testng.SuiteRunner.runSequentially(SuiteRunner.java:450)
at org.testng.SuiteRunner.privateRun(SuiteRunner.java:415)
at org.testng.SuiteRunner.run(SuiteRunner.java:364)
at org.testng.SuiteRunnerWorker.runSuite(SuiteRunnerWorker.java:52)
at org.testng.SuiteRunnerWorker.run(SuiteRunnerWorker.java:84)
at org.testng.TestNG.runSuitesSequentially(TestNG.java:1208)
at org.testng.TestNG.runSuitesLocally(TestNG.java:1137)
at org.testng.TestNG.runSuites(TestNG.java:1049)
at org.testng.TestNG.run(TestNG.java:1017)
at org.apache.maven.surefire.testng.TestNGExecutor.run(TestNGExecutor.java:283)
at org.apache.maven.surefire.testng.TestNGXmlTestSuite.execute(TestNGXmlTestSuite.java:75)
at org.apache.maven.surefire.testng.TestNGProvider.invoke(TestNGProvider.java:120)
at org.apache.maven.surefire.booter.ForkedBooter.invokeProviderInSameClassLoader(ForkedBooter.java:386)
at org.apache.maven.surefire.booter.ForkedBooter.runSuitesInProcess(ForkedBooter.java:323)
at org.apache.maven.surefire.booter.ForkedBooter.main(ForkedBooter.java:143)
Caused by: org.wso2.carbon.database.utils.jdbc.exceptions.DataAccessException: Error in performing Database query: '%s'UPDATE IDN_TEMPLATE_MGT SET NAME= ?, DESCRIPTION= ?, TEMPLATE_SCRIPT= ? WHERE TENANT_ID= ? AND NAME = ?
at org.wso2.carbon.database.utils.jdbc.JdbcTemplate.executeUpdate(JdbcTemplate.java:230)
at org.wso2.carbon.identity.template.mgt.dao.impl.TemplateManagerDAOImpl.updateTemplate(TemplateManagerDAOImpl.java:136)
... 29 more
Caused by: org.h2.jdbc.JdbcSQLException: Parameter "#3" is not set; SQL statement:
UPDATE IDN_TEMPLATE_MGT SET NAME= ?, DESCRIPTION= ?, TEMPLATE_SCRIPT= ? WHERE TENANT_ID= ? AND NAME = ? [90012-175]
at org.h2.message.DbException.getJdbcSQLException(DbException.java:332)
at org.h2.message.DbException.get(DbException.java:172)
at org.h2.message.DbException.get(DbException.java:149)
at org.h2.expression.Parameter.checkSet(Parameter.java:80)
at org.h2.command.Prepared.checkParameters(Prepared.java:163)
at org.h2.command.CommandContainer.update(CommandContainer.java:78)
at org.h2.command.Command.executeUpdate(Command.java:253)
at org.h2.jdbc.JdbcPreparedStatement.executeUpdateInternal(JdbcPreparedStatement.java:154)
at org.h2.jdbc.JdbcPreparedStatement.executeUpdate(JdbcPreparedStatement.java:140)
at org.apache.commons.dbcp.DelegatingPreparedStatement.executeUpdate(DelegatingPreparedStatement.java:105)
at org.apache.commons.dbcp.DelegatingPreparedStatement.executeUpdate(DelegatingPreparedStatement.java:105)
at org.wso2.carbon.database.utils.jdbc.JdbcTemplate.executeUpdate(JdbcTemplate.java:223)
... 30 more
]]>
    </error>
  </testcase> <!-- testUpdateTemplate -->
  <testcase name="testDeleteTemplateDataAccessException" time="0.013" classname="org.wso2.carbon.identity.template.mgt.dao.impl.TemplateManagerDAOImplTest"/>
  <testcase name="testDeleteTemplateDataAccessException" time="0.011" classname="org.wso2.carbon.identity.template.mgt.dao.impl.TemplateManagerDAOImplTest"/>
</testsuite> <!-- org.wso2.carbon.identity.template.mgt.dao.impl.TemplateManagerDAOImplTest -->
