<?xml version="1.0" encoding="UTF-8"?>
<!-- Generated by org.testng.reporters.JUnitReportReporter -->
<testsuite skipped="0" hostname="chamath-ThinkPad-T540p" name="org.wso2.carbon.identity.template.mgt.model.TemplateTest" tests="10" failures="0" timestamp="12 Nov 2018 04:21:51 GMT" time="0.002" errors="0">
  <testcase name="testSetTemplateScript" time="0.001" classname="org.wso2.carbon.identity.template.mgt.model.TemplateTest"/>
  <testcase name="testSetTemplateName" time="0.000" classname="org.wso2.carbon.identity.template.mgt.model.TemplateTest"/>
  <testcase name="testGetTemplateName" time="0.000" classname="org.wso2.carbon.identity.template.mgt.model.TemplateTest"/>
  <testcase name="testGetTenantId" time="0.001" classname="org.wso2.carbon.identity.template.mgt.model.TemplateTest"/>
  <testcase name="testSetTenantId" time="0.000" classname="org.wso2.carbon.identity.template.mgt.model.TemplateTest"/>
  <testcase name="testGetDescription" time="0.000" classname="org.wso2.carbon.identity.template.mgt.model.TemplateTest"/>
  <testcase name="testSetDescription" time="0.000" classname="org.wso2.carbon.identity.template.mgt.model.TemplateTest"/>
  <testcase name="testGetTemplateScript" time="0.000" classname="org.wso2.carbon.identity.template.mgt.model.TemplateTest"/>
  <testcase name="testSetTemplateId" time="0.000" classname="org.wso2.carbon.identity.template.mgt.model.TemplateTest"/>
  <testcase name="testGetTemplateId" time="0.000" classname="org.wso2.carbon.identity.template.mgt.model.TemplateTest"/>
</testsuite> <!-- org.wso2.carbon.identity.template.mgt.model.TemplateTest -->
