<?xml version="1.0" encoding="UTF-8"?>
<!-- Generated by org.testng.reporters.JUnitReportReporter -->
<testsuite skipped="0" hostname="chamath-ThinkPad-T540p" name="org.wso2.carbon.identity.template.mgt.TemplateManagerImplTest" tests="20" failures="0" timestamp="12 Nov 2018 04:21:51 GMT" time="1.191" errors="0">
  <testcase name="testGetTemplateList" time="0.132" classname="org.wso2.carbon.identity.template.mgt.TemplateManagerImplTest"/>
  <testcase name="testAddTemplate" time="0.009" classname="org.wso2.carbon.identity.template.mgt.TemplateManagerImplTest"/>
  <testcase name="testSetTenantIdIfNull" time="0.011" classname="org.wso2.carbon.identity.template.mgt.TemplateManagerImplTest"/>
  <testcase name="testvalidatingPaginationParameters" time="0.007" classname="org.wso2.carbon.identity.template.mgt.TemplateManagerImplTest"/>
  <testcase name="testUpdateTemplate" time="0.013" classname="org.wso2.carbon.identity.template.mgt.TemplateManagerImplTest"/>
  <testcase name="testErrorCodes" time="0.008" classname="org.wso2.carbon.identity.template.mgt.TemplateManagerImplTest"/>
  <testcase name="testAddTemplate" time="0.011" classname="org.wso2.carbon.identity.template.mgt.TemplateManagerImplTest"/>
  <testcase name="testDeleteTemplate" time="0.011" classname="org.wso2.carbon.identity.template.mgt.TemplateManagerImplTest"/>
  <testcase name="testValidatingInputs" time="0.011" classname="org.wso2.carbon.identity.template.mgt.TemplateManagerImplTest"/>
  <testcase name="testUpdateTemplate" time="0.009" classname="org.wso2.carbon.identity.template.mgt.TemplateManagerImplTest"/>
  <testcase name="testAddTemplate" time="0.042" classname="org.wso2.carbon.identity.template.mgt.TemplateManagerImplTest"/>
  <testcase name="testDeleteTemplate" time="0.011" classname="org.wso2.carbon.identity.template.mgt.TemplateManagerImplTest"/>
  <testcase name="testGetTemplateByName" time="0.011" classname="org.wso2.carbon.identity.template.mgt.TemplateManagerImplTest"/>
  <testcase name="testDeleteTemplate" time="0.081" classname="org.wso2.carbon.identity.template.mgt.TemplateManagerImplTest"/>
  <testcase name="testGetTemplateByName" time="0.009" classname="org.wso2.carbon.identity.template.mgt.TemplateManagerImplTest"/>
  <testcase name="testGetTemplateList" time="0.012" classname="org.wso2.carbon.identity.template.mgt.TemplateManagerImplTest"/>
  <testcase name="testGetTemplateByName" time="0.016" classname="org.wso2.carbon.identity.template.mgt.TemplateManagerImplTest"/>
  <testcase name="testValidatingInputs" time="0.009" classname="org.wso2.carbon.identity.template.mgt.TemplateManagerImplTest"/>
  <testcase name="testGetTemplateList" time="0.022" classname="org.wso2.carbon.identity.template.mgt.TemplateManagerImplTest"/>
  <testcase name="testValidatingInputs" time="0.756" classname="org.wso2.carbon.identity.template.mgt.TemplateManagerImplTest"/>
</testsuite> <!-- org.wso2.carbon.identity.template.mgt.TemplateManagerImplTest -->
