<?xml version="1.0" encoding="UTF-8"?>
<!-- Generated by org.testng.reporters.JUnitReportReporter -->
<testsuite skipped="0" hostname="chamath-ThinkPad-T540p" name="org.wso2.carbon.identity.template.mgt.TemplateManagerImplTest" tests="20" failures="0" timestamp="02 Nov 2018 09:10:29 GMT" time="0.994" errors="0">
  <testcase name="testGetTemplateByName" time="0.014" classname="org.wso2.carbon.identity.template.mgt.TemplateManagerImplTest"/>
  <testcase name="testGetTemplateList" time="0.020" classname="org.wso2.carbon.identity.template.mgt.TemplateManagerImplTest"/>
  <testcase name="testAddTemplate" time="0.010" classname="org.wso2.carbon.identity.template.mgt.TemplateManagerImplTest"/>
  <testcase name="testGetTemplateByName" time="0.128" classname="org.wso2.carbon.identity.template.mgt.TemplateManagerImplTest"/>
  <testcase name="testErrorCodes" time="0.011" classname="org.wso2.carbon.identity.template.mgt.TemplateManagerImplTest"/>
  <testcase name="testValidatingInputs" time="0.009" classname="org.wso2.carbon.identity.template.mgt.TemplateManagerImplTest"/>
  <testcase name="testSetTenantIdIfNull" time="0.010" classname="org.wso2.carbon.identity.template.mgt.TemplateManagerImplTest"/>
  <testcase name="testDeleteTemplate" time="0.564" classname="org.wso2.carbon.identity.template.mgt.TemplateManagerImplTest"/>
  <testcase name="testValidatingInputs" time="0.007" classname="org.wso2.carbon.identity.template.mgt.TemplateManagerImplTest"/>
  <testcase name="testDeleteTemplate" time="0.064" classname="org.wso2.carbon.identity.template.mgt.TemplateManagerImplTest"/>
  <testcase name="testAddTemplate" time="0.011" classname="org.wso2.carbon.identity.template.mgt.TemplateManagerImplTest"/>
  <testcase name="testvalidatingPaginationParameters" time="0.010" classname="org.wso2.carbon.identity.template.mgt.TemplateManagerImplTest"/>
  <testcase name="testGetTemplateList" time="0.017" classname="org.wso2.carbon.identity.template.mgt.TemplateManagerImplTest"/>
  <testcase name="testGetTemplateByName" time="0.009" classname="org.wso2.carbon.identity.template.mgt.TemplateManagerImplTest"/>
  <testcase name="testAddTemplate" time="0.050" classname="org.wso2.carbon.identity.template.mgt.TemplateManagerImplTest"/>
  <testcase name="testUpdateTemplate" time="0.013" classname="org.wso2.carbon.identity.template.mgt.TemplateManagerImplTest"/>
  <testcase name="testUpdateTemplate" time="0.014" classname="org.wso2.carbon.identity.template.mgt.TemplateManagerImplTest"/>
  <testcase name="testDeleteTemplate" time="0.009" classname="org.wso2.carbon.identity.template.mgt.TemplateManagerImplTest"/>
  <testcase name="testGetTemplateList" time="0.015" classname="org.wso2.carbon.identity.template.mgt.TemplateManagerImplTest"/>
  <testcase name="testValidatingInputs" time="0.009" classname="org.wso2.carbon.identity.template.mgt.TemplateManagerImplTest"/>
</testsuite> <!-- org.wso2.carbon.identity.template.mgt.TemplateManagerImplTest -->
