<?xml version="1.0" encoding="UTF-8"?>
<!-- Generated by org.testng.reporters.JUnitReportReporter -->
<testsuite skipped="0" hostname="chamath-ThinkPad-T540p" name="org.wso2.carbon.identity.template.mgt.dao.impl.TemplateManagerDAOImplTest" tests="30" failures="0" timestamp="12 Nov 2018 04:21:51 GMT" time="1.957" errors="0">
  <testcase name="testAddTemplateServerException" time="0.766" classname="org.wso2.carbon.identity.template.mgt.dao.impl.TemplateManagerDAOImplTest"/>
  <testcase name="testGetTemplateByNameDataAccessException" time="0.013" classname="org.wso2.carbon.identity.template.mgt.dao.impl.TemplateManagerDAOImplTest"/>
  <testcase name="testDeleteTemplateDataAccessException" time="0.011" classname="org.wso2.carbon.identity.template.mgt.dao.impl.TemplateManagerDAOImplTest"/>
  <testcase name="testGetTemplateByName" time="0.027" classname="org.wso2.carbon.identity.template.mgt.dao.impl.TemplateManagerDAOImplTest"/>
  <testcase name="testGetTemplateByNameDataAccessException" time="0.012" classname="org.wso2.carbon.identity.template.mgt.dao.impl.TemplateManagerDAOImplTest"/>
  <testcase name="testDeleteTemplateDataAccessException" time="0.011" classname="org.wso2.carbon.identity.template.mgt.dao.impl.TemplateManagerDAOImplTest"/>
  <testcase name="testGetTemplateListDataAccessException" time="0.014" classname="org.wso2.carbon.identity.template.mgt.dao.impl.TemplateManagerDAOImplTest"/>
  <testcase name="testDeleteTemplate" time="0.015" classname="org.wso2.carbon.identity.template.mgt.dao.impl.TemplateManagerDAOImplTest"/>
  <testcase name="testGetTemplateByName" time="0.011" classname="org.wso2.carbon.identity.template.mgt.dao.impl.TemplateManagerDAOImplTest"/>
  <testcase name="testGetTemplateList" time="0.037" classname="org.wso2.carbon.identity.template.mgt.dao.impl.TemplateManagerDAOImplTest"/>
  <testcase name="testDeleteTemplateDataAccessException" time="0.013" classname="org.wso2.carbon.identity.template.mgt.dao.impl.TemplateManagerDAOImplTest"/>
  <testcase name="testAddTemplate" time="0.008" classname="org.wso2.carbon.identity.template.mgt.dao.impl.TemplateManagerDAOImplTest"/>
  <testcase name="testUpdateTemplateServerException" time="0.015" classname="org.wso2.carbon.identity.template.mgt.dao.impl.TemplateManagerDAOImplTest"/>
  <testcase name="testGetTemplateByNameDataAccessException" time="0.012" classname="org.wso2.carbon.identity.template.mgt.dao.impl.TemplateManagerDAOImplTest"/>
  <testcase name="testGetTemplateList" time="0.011" classname="org.wso2.carbon.identity.template.mgt.dao.impl.TemplateManagerDAOImplTest"/>
  <testcase name="testUpdateTemplate" time="0.014" classname="org.wso2.carbon.identity.template.mgt.dao.impl.TemplateManagerDAOImplTest"/>
  <testcase name="testAddTemplate" time="0.452" classname="org.wso2.carbon.identity.template.mgt.dao.impl.TemplateManagerDAOImplTest"/>
  <testcase name="testAddTemplateServerException" time="0.018" classname="org.wso2.carbon.identity.template.mgt.dao.impl.TemplateManagerDAOImplTest"/>
  <testcase name="testGetTemplateListDataAccessException" time="0.014" classname="org.wso2.carbon.identity.template.mgt.dao.impl.TemplateManagerDAOImplTest"/>
  <testcase name="testUpdateTemplateServerException" time="0.013" classname="org.wso2.carbon.identity.template.mgt.dao.impl.TemplateManagerDAOImplTest"/>
  <testcase name="testGetTemplateByName" time="0.009" classname="org.wso2.carbon.identity.template.mgt.dao.impl.TemplateManagerDAOImplTest"/>
  <testcase name="testDeleteTemplate" time="0.015" classname="org.wso2.carbon.identity.template.mgt.dao.impl.TemplateManagerDAOImplTest"/>
  <testcase name="testGetTemplateList" time="0.015" classname="org.wso2.carbon.identity.template.mgt.dao.impl.TemplateManagerDAOImplTest"/>
  <testcase name="testAddTemplateServerException" time="0.017" classname="org.wso2.carbon.identity.template.mgt.dao.impl.TemplateManagerDAOImplTest"/>
  <testcase name="testGetTemplateListDataAccessException" time="0.013" classname="org.wso2.carbon.identity.template.mgt.dao.impl.TemplateManagerDAOImplTest"/>
  <testcase name="testUpdateTemplate" time="0.011" classname="org.wso2.carbon.identity.template.mgt.dao.impl.TemplateManagerDAOImplTest"/>
  <testcase name="testAddTemplate" time="0.255" classname="org.wso2.carbon.identity.template.mgt.dao.impl.TemplateManagerDAOImplTest"/>
  <testcase name="testUpdateTemplateServerException" time="0.014" classname="org.wso2.carbon.identity.template.mgt.dao.impl.TemplateManagerDAOImplTest"/>
  <testcase name="testUpdateTemplate" time="0.014" classname="org.wso2.carbon.identity.template.mgt.dao.impl.TemplateManagerDAOImplTest"/>
  <testcase name="testDeleteTemplate" time="0.107" classname="org.wso2.carbon.identity.template.mgt.dao.impl.TemplateManagerDAOImplTest"/>
</testsuite> <!-- org.wso2.carbon.identity.template.mgt.dao.impl.TemplateManagerDAOImplTest -->
