<?xml version="1.0" encoding="UTF-8"?>
<testsuite xmlns:xsi="http://www.w3.org/2001/XMLSchema-instance" xsi:noNamespaceSchemaLocation="https://maven.apache.org/surefire/maven-surefire-plugin/xsd/surefire-test-report.xsd" name="TestSuite" time="5.109" tests="64" errors="0" skipped="0" failures="11">
  <properties>
    <property name="java.runtime.name" value="Java(TM) SE Runtime Environment"/>
    <property name="sun.boot.library.path" value="/usr/lib/jvm/java-8-oracle/jre/lib/amd64"/>
    <property name="java.vm.version" value="25.181-b13"/>
    <property name="java.vm.vendor" value="Oracle Corporation"/>
    <property name="maven.multiModuleProjectDirectory" value="/home/chamath/IdeaProjects/template-mgt/org.wso2.carbon.identity.template.mgt"/>
    <property name="java.vendor.url" value="http://java.oracle.com/"/>
    <property name="path.separator" value=":"/>
    <property name="guice.disable.misplaced.annotation.check" value="true"/>
    <property name="java.vm.name" value="Java HotSpot(TM) 64-Bit Server VM"/>
    <property name="file.encoding.pkg" value="sun.io"/>
    <property name="user.country" value="US"/>
    <property name="sun.java.launcher" value="SUN_STANDARD"/>
    <property name="sun.os.patch.level" value="unknown"/>
    <property name="java.vm.specification.name" value="Java Virtual Machine Specification"/>
    <property name="user.dir" value="/home/chamath/IdeaProjects/template-mgt/org.wso2.carbon.identity.template.mgt"/>
    <property name="java.runtime.version" value="1.8.0_181-b13"/>
    <property name="java.awt.graphicsenv" value="sun.awt.X11GraphicsEnvironment"/>
    <property name="java.endorsed.dirs" value="/usr/lib/jvm/java-8-oracle/jre/lib/endorsed"/>
    <property name="os.arch" value="amd64"/>
    <property name="java.io.tmpdir" value="/tmp"/>
    <property name="line.separator" value="&#10;"/>
    <property name="java.vm.specification.vendor" value="Oracle Corporation"/>
    <property name="os.name" value="Linux"/>
    <property name="classworlds.conf" value="/opt/apache-maven-3.5.4/bin/m2.conf"/>
    <property name="sun.jnu.encoding" value="UTF-8"/>
    <property name="java.library.path" value="/usr/java/packages/lib/amd64:/usr/lib64:/lib64:/lib:/usr/lib"/>
    <property name="maven.conf" value="/opt/apache-maven-3.5.4/conf"/>
    <property name="java.specification.name" value="Java Platform API Specification"/>
    <property name="java.class.version" value="52.0"/>
    <property name="sun.management.compiler" value="HotSpot 64-Bit Tiered Compilers"/>
    <property name="os.version" value="4.15.0-36-generic"/>
    <property name="library.jansi.path" value="/opt/apache-maven-3.5.4/lib/jansi-native"/>
    <property name="user.home" value="/home/chamath"/>
    <property name="user.timezone" value="Asia/Colombo"/>
    <property name="java.awt.printerjob" value="sun.print.PSPrinterJob"/>
    <property name="java.specification.version" value="1.8"/>
    <property name="file.encoding" value="UTF-8"/>
    <property name="user.name" value="chamath"/>
    <property name="java.class.path" value="/opt/apache-maven-3.5.4/boot/plexus-classworlds-2.5.2.jar"/>
    <property name="java.vm.specification.version" value="1.8"/>
    <property name="sun.arch.data.model" value="64"/>
    <property name="java.home" value="/usr/lib/jvm/java-8-oracle/jre"/>
    <property name="sun.java.command" value="org.codehaus.plexus.classworlds.launcher.Launcher clean install"/>
    <property name="java.specification.vendor" value="Oracle Corporation"/>
    <property name="user.language" value="en"/>
    <property name="awt.toolkit" value="sun.awt.X11.XToolkit"/>
    <property name="java.vm.info" value="mixed mode"/>
    <property name="java.version" value="1.8.0_181"/>
    <property name="java.ext.dirs" value="/usr/lib/jvm/java-8-oracle/jre/lib/ext:/usr/java/packages/lib/ext"/>
    <property name="securerandom.source" value="file:/dev/./urandom"/>
    <property name="sun.boot.class.path" value="/usr/lib/jvm/java-8-oracle/jre/lib/resources.jar:/usr/lib/jvm/java-8-oracle/jre/lib/rt.jar:/usr/lib/jvm/java-8-oracle/jre/lib/sunrsasign.jar:/usr/lib/jvm/java-8-oracle/jre/lib/jsse.jar:/usr/lib/jvm/java-8-oracle/jre/lib/jce.jar:/usr/lib/jvm/java-8-oracle/jre/lib/charsets.jar:/usr/lib/jvm/java-8-oracle/jre/lib/jfr.jar:/usr/lib/jvm/java-8-oracle/jre/classes"/>
    <property name="java.vendor" value="Oracle Corporation"/>
    <property name="maven.home" value="/opt/apache-maven-3.5.4"/>
    <property name="file.separator" value="/"/>
    <property name="java.vendor.url.bug" value="http://bugreport.sun.com/bugreport/"/>
    <property name="sun.cpu.endian" value="little"/>
    <property name="sun.io.unicode.encoding" value="UnicodeLittle"/>
    <property name="sun.desktop" value="gnome"/>
    <property name="sun.cpu.isalist" value=""/>
  </properties>
  <testcase name="testAddTemplate" classname="org.wso2.carbon.identity.template.mgt.dao.impl.TemplateManagerDAOImplTest" time="0.446"/>
  <testcase name="testAddTemplate" classname="org.wso2.carbon.identity.template.mgt.dao.impl.TemplateManagerDAOImplTest" time="0.004"/>
  <testcase name="testAddTemplate" classname="org.wso2.carbon.identity.template.mgt.dao.impl.TemplateManagerDAOImplTest" time="0.003"/>
  <testcase name="testAddTemplateServerException" classname="org.wso2.carbon.identity.template.mgt.dao.impl.TemplateManagerDAOImplTest" time="0.01"/>
  <testcase name="testAddTemplateServerException" classname="org.wso2.carbon.identity.template.mgt.dao.impl.TemplateManagerDAOImplTest" time="0.002"/>
  <testcase name="testAddTemplateServerException" classname="org.wso2.carbon.identity.template.mgt.dao.impl.TemplateManagerDAOImplTest" time="0.001"/>
  <testcase name="testDeleteTemplate" classname="org.wso2.carbon.identity.template.mgt.dao.impl.TemplateManagerDAOImplTest" time="0.129"/>
  <testcase name="testDeleteTemplate" classname="org.wso2.carbon.identity.template.mgt.dao.impl.TemplateManagerDAOImplTest" time="0.005"/>
  <testcase name="testDeleteTemplate" classname="org.wso2.carbon.identity.template.mgt.dao.impl.TemplateManagerDAOImplTest" time="0.003"/>
  <testcase name="testDeleteTemplateDataAccessException" classname="org.wso2.carbon.identity.template.mgt.dao.impl.TemplateManagerDAOImplTest" time="0.005"/>
  <testcase name="testDeleteTemplateDataAccessException" classname="org.wso2.carbon.identity.template.mgt.dao.impl.TemplateManagerDAOImplTest" time="0.004"/>
  <testcase name="testDeleteTemplateDataAccessException" classname="org.wso2.carbon.identity.template.mgt.dao.impl.TemplateManagerDAOImplTest" time="0.003"/>
  <testcase name="testGetTemplateByName" classname="org.wso2.carbon.identity.template.mgt.dao.impl.TemplateManagerDAOImplTest" time="0.03">
    <failure message="expected [&lt;!-- You can customize the user prompt template here... --&gt;	&lt;div class=&quot;uppercase&quot;&gt;    &lt;h3&gt;Welcome {{name}}&lt;/h3&gt;&lt;/div&gt;&lt;div class=&quot;boarder-all &quot;&gt;    &lt;div class=&quot;clearfix&quot;&gt;&lt;/div&gt;    &lt;div class=&quot;padding-double login-form&quot;&gt;        &lt;form id=&quot;template-form&quot; method=&quot;POST&quot;&gt; &lt;!-- *DO NOT CHANGE THIS* --&gt;            &lt;div class=&quot;col-xs-12 col-sm-12 col-md-12 col-lg-12 form-group required&quot;&gt;                &lt;!-- Add the required input field/s here...                It should follow the below mentioned format--&gt;                &lt;label for=&quot;sampleInput&quot; class=&quot;control-label&quot;&gt;sample input&lt;/label&gt;                &lt;input type=&quot;text&quot; id=&quot;sampleInput&quot; name=&quot;sample_input&quot; class=&quot;form-control&quot; placeholder=&quot;sample input placeholder&quot; /&gt;            &lt;/div&gt;            &lt;input type=&quot;hidden&quot; id=&quot;promptResp&quot; name=&quot;promptResp&quot; value=&quot;true&quot;&gt; &lt;!-- *DO NOT CHANGE THIS* --&gt;            &lt;input type=&quot;hidden&quot; id=&quot;promptId&quot; name=&quot;promptId&quot;&gt; &lt;!-- *DO NOT CHANGE THIS* --&gt;            &lt;div class=&quot;col-xs-12 col-sm-12 col-md-12 col-lg-12 form-group required&quot;&gt;                &lt;input type=&quot;submit&quot; class=&quot;wr-btn grey-bg col-xs-12 col-md-12 col-lg-12 uppercase font-extra-large&quot; value=&quot;Submit&quot;&gt;            &lt;/div&gt;        &lt;/form&gt;        &lt;div class=&quot;clearfix&quot;&gt;&lt;/div&gt;    &lt;/div&gt;&lt;/div&gt;] but found [&lt;!-- You can customize the user prompt template here... --&gt;&#10;	&#10;&lt;div class=&quot;uppercase&quot;&gt;&#10;    &lt;h3&gt;Welcome {{name}}&lt;/h3&gt;&#10;&lt;/div&gt;&#10;&#10;&lt;div class=&quot;boarder-all &quot;&gt;&#10;    &lt;div class=&quot;clearfix&quot;&gt;&lt;/div&gt;&#10;    &lt;div class=&quot;padding-double login-form&quot;&gt;&#10;&#10;        &lt;form id=&quot;template-form&quot; method=&quot;POST&quot;&gt; &lt;!-- *DO NOT CHANGE THIS* --&gt;&#10;            &lt;div class=&quot;col-xs-12 col-sm-12 col-md-12 col-lg-12 form-group required&quot;&gt;&#10;&#10;                &lt;!-- Add the required input field/s here...&#10;                It should follow the below mentioned format--&gt;&#10;&#10;                &lt;label for=&quot;sampleInput&quot; class=&quot;control-label&quot;&gt;sample input&lt;/label&gt;&#10;                &lt;input type=&quot;text&quot; id=&quot;sampleInput&quot; name=&quot;sample_input&quot; class=&quot;form-control&quot; placeholder=&quot;sample input placeholder&quot; /&gt;&#10;&#10;            &lt;/div&gt;&#10;&#10;            &lt;input type=&quot;hidden&quot; id=&quot;promptResp&quot; name=&quot;promptResp&quot; value=&quot;true&quot;&gt; &lt;!-- *DO NOT CHANGE THIS* --&gt;&#10;            &lt;input type=&quot;hidden&quot; id=&quot;promptId&quot; name=&quot;promptId&quot;&gt; &lt;!-- *DO NOT CHANGE THIS* --&gt;&#10;&#10;            &lt;div class=&quot;col-xs-12 col-sm-12 col-md-12 col-lg-12 form-group required&quot;&gt;&#10;                &lt;input type=&quot;submit&quot; class=&quot;wr-btn grey-bg col-xs-12 col-md-12 col-lg-12 uppercase font-extra-large&quot; value=&quot;Submit&quot;&gt;&#10;            &lt;/div&gt;&#10;        &lt;/form&gt;&#10;        &lt;div class=&quot;clearfix&quot;&gt;&lt;/div&gt;&#10;    &lt;/div&gt;&#10;&lt;/div&gt;]" type="java.lang.AssertionError"><![CDATA[java.lang.AssertionError: 
expected [<!-- You can customize the user prompt template here... -->	<div class="uppercase">    <h3>Welcome {{name}}</h3></div><div class="boarder-all ">    <div class="clearfix"></div>    <div class="padding-double login-form">        <form id="template-form" method="POST"> <!-- *DO NOT CHANGE THIS* -->            <div class="col-xs-12 col-sm-12 col-md-12 col-lg-12 form-group required">                <!-- Add the required input field/s here...                It should follow the below mentioned format-->                <label for="sampleInput" class="control-label">sample input</label>                <input type="text" id="sampleInput" name="sample_input" class="form-control" placeholder="sample input placeholder" />            </div>            <input type="hidden" id="promptResp" name="promptResp" value="true"> <!-- *DO NOT CHANGE THIS* -->            <input type="hidden" id="promptId" name="promptId"> <!-- *DO NOT CHANGE THIS* -->            <div class="col-xs-12 col-sm-12 col-md-12 col-lg-12 form-group required">                <input type="submit" class="wr-btn grey-bg col-xs-12 col-md-12 col-lg-12 uppercase font-extra-large" value="Submit">            </div>        </form>        <div class="clearfix"></div>    </div></div>] but found [<!-- You can customize the user prompt template here... -->
	
<div class="uppercase">
    <h3>Welcome {{name}}</h3>
</div>

<div class="boarder-all ">
    <div class="clearfix"></div>
    <div class="padding-double login-form">

        <form id="template-form" method="POST"> <!-- *DO NOT CHANGE THIS* -->
            <div class="col-xs-12 col-sm-12 col-md-12 col-lg-12 form-group required">

                <!-- Add the required input field/s here...
                It should follow the below mentioned format-->

                <label for="sampleInput" class="control-label">sample input</label>
                <input type="text" id="sampleInput" name="sample_input" class="form-control" placeholder="sample input placeholder" />

            </div>

            <input type="hidden" id="promptResp" name="promptResp" value="true"> <!-- *DO NOT CHANGE THIS* -->
            <input type="hidden" id="promptId" name="promptId"> <!-- *DO NOT CHANGE THIS* -->

            <div class="col-xs-12 col-sm-12 col-md-12 col-lg-12 form-group required">
                <input type="submit" class="wr-btn grey-bg col-xs-12 col-md-12 col-lg-12 uppercase font-extra-large" value="Submit">
            </div>
        </form>
        <div class="clearfix"></div>
    </div>
</div>]
	at org.wso2.carbon.identity.template.mgt.dao.impl.TemplateManagerDAOImplTest.testGetTemplateByName(TemplateManagerDAOImplTest.java:263)
]]></failure>
  </testcase>
  <testcase name="testGetTemplateByName" classname="org.wso2.carbon.identity.template.mgt.dao.impl.TemplateManagerDAOImplTest" time="0.005">
    <failure message="expected [&lt;!-- You can customize the user prompt template here... --&gt;	&lt;div class=&quot;uppercase&quot;&gt;    &lt;h3&gt;Welcome {{name}}&lt;/h3&gt;&lt;/div&gt;&lt;div class=&quot;boarder-all &quot;&gt;    &lt;div class=&quot;clearfix&quot;&gt;&lt;/div&gt;    &lt;div class=&quot;padding-double login-form&quot;&gt;        &lt;form id=&quot;template-form&quot; method=&quot;POST&quot;&gt; &lt;!-- *DO NOT CHANGE THIS* --&gt;            &lt;div class=&quot;col-xs-12 col-sm-12 col-md-12 col-lg-12 form-group required&quot;&gt;                &lt;!-- Add the required input field/s here...                It should follow the below mentioned format--&gt;                &lt;label for=&quot;sampleInput&quot; class=&quot;control-label&quot;&gt;sample input&lt;/label&gt;                &lt;input type=&quot;text&quot; id=&quot;sampleInput&quot; name=&quot;sample_input&quot; class=&quot;form-control&quot; placeholder=&quot;sample input placeholder&quot; /&gt;            &lt;/div&gt;            &lt;input type=&quot;hidden&quot; id=&quot;promptResp&quot; name=&quot;promptResp&quot; value=&quot;true&quot;&gt; &lt;!-- *DO NOT CHANGE THIS* --&gt;            &lt;input type=&quot;hidden&quot; id=&quot;promptId&quot; name=&quot;promptId&quot;&gt; &lt;!-- *DO NOT CHANGE THIS* --&gt;            &lt;div class=&quot;col-xs-12 col-sm-12 col-md-12 col-lg-12 form-group required&quot;&gt;                &lt;input type=&quot;submit&quot; class=&quot;wr-btn grey-bg col-xs-12 col-md-12 col-lg-12 uppercase font-extra-large&quot; value=&quot;Submit&quot;&gt;            &lt;/div&gt;        &lt;/form&gt;        &lt;div class=&quot;clearfix&quot;&gt;&lt;/div&gt;    &lt;/div&gt;&lt;/div&gt;] but found [&lt;!-- You can customize the user prompt template here... --&gt;&#10;	&#10;&lt;div class=&quot;uppercase&quot;&gt;&#10;    &lt;h3&gt;Welcome {{name}}&lt;/h3&gt;&#10;&lt;/div&gt;&#10;&#10;&lt;div class=&quot;boarder-all &quot;&gt;&#10;    &lt;div class=&quot;clearfix&quot;&gt;&lt;/div&gt;&#10;    &lt;div class=&quot;padding-double login-form&quot;&gt;&#10;&#10;        &lt;form id=&quot;template-form&quot; method=&quot;POST&quot;&gt; &lt;!-- *DO NOT CHANGE THIS* --&gt;&#10;            &lt;div class=&quot;col-xs-12 col-sm-12 col-md-12 col-lg-12 form-group required&quot;&gt;&#10;&#10;                &lt;!-- Add the required input field/s here...&#10;                It should follow the below mentioned format--&gt;&#10;&#10;                &lt;label for=&quot;sampleInput&quot; class=&quot;control-label&quot;&gt;sample input&lt;/label&gt;&#10;                &lt;input type=&quot;text&quot; id=&quot;sampleInput&quot; name=&quot;sample_input&quot; class=&quot;form-control&quot; placeholder=&quot;sample input placeholder&quot; /&gt;&#10;&#10;            &lt;/div&gt;&#10;&#10;            &lt;input type=&quot;hidden&quot; id=&quot;promptResp&quot; name=&quot;promptResp&quot; value=&quot;true&quot;&gt; &lt;!-- *DO NOT CHANGE THIS* --&gt;&#10;            &lt;input type=&quot;hidden&quot; id=&quot;promptId&quot; name=&quot;promptId&quot;&gt; &lt;!-- *DO NOT CHANGE THIS* --&gt;&#10;&#10;            &lt;div class=&quot;col-xs-12 col-sm-12 col-md-12 col-lg-12 form-group required&quot;&gt;&#10;                &lt;input type=&quot;submit&quot; class=&quot;wr-btn grey-bg col-xs-12 col-md-12 col-lg-12 uppercase font-extra-large&quot; value=&quot;Submit&quot;&gt;&#10;            &lt;/div&gt;&#10;        &lt;/form&gt;&#10;        &lt;div class=&quot;clearfix&quot;&gt;&lt;/div&gt;&#10;    &lt;/div&gt;&#10;&lt;/div&gt;]" type="java.lang.AssertionError"><![CDATA[java.lang.AssertionError: 
expected [<!-- You can customize the user prompt template here... -->	<div class="uppercase">    <h3>Welcome {{name}}</h3></div><div class="boarder-all ">    <div class="clearfix"></div>    <div class="padding-double login-form">        <form id="template-form" method="POST"> <!-- *DO NOT CHANGE THIS* -->            <div class="col-xs-12 col-sm-12 col-md-12 col-lg-12 form-group required">                <!-- Add the required input field/s here...                It should follow the below mentioned format-->                <label for="sampleInput" class="control-label">sample input</label>                <input type="text" id="sampleInput" name="sample_input" class="form-control" placeholder="sample input placeholder" />            </div>            <input type="hidden" id="promptResp" name="promptResp" value="true"> <!-- *DO NOT CHANGE THIS* -->            <input type="hidden" id="promptId" name="promptId"> <!-- *DO NOT CHANGE THIS* -->            <div class="col-xs-12 col-sm-12 col-md-12 col-lg-12 form-group required">                <input type="submit" class="wr-btn grey-bg col-xs-12 col-md-12 col-lg-12 uppercase font-extra-large" value="Submit">            </div>        </form>        <div class="clearfix"></div>    </div></div>] but found [<!-- You can customize the user prompt template here... -->
	
<div class="uppercase">
    <h3>Welcome {{name}}</h3>
</div>

<div class="boarder-all ">
    <div class="clearfix"></div>
    <div class="padding-double login-form">

        <form id="template-form" method="POST"> <!-- *DO NOT CHANGE THIS* -->
            <div class="col-xs-12 col-sm-12 col-md-12 col-lg-12 form-group required">

                <!-- Add the required input field/s here...
                It should follow the below mentioned format-->

                <label for="sampleInput" class="control-label">sample input</label>
                <input type="text" id="sampleInput" name="sample_input" class="form-control" placeholder="sample input placeholder" />

            </div>

            <input type="hidden" id="promptResp" name="promptResp" value="true"> <!-- *DO NOT CHANGE THIS* -->
            <input type="hidden" id="promptId" name="promptId"> <!-- *DO NOT CHANGE THIS* -->

            <div class="col-xs-12 col-sm-12 col-md-12 col-lg-12 form-group required">
                <input type="submit" class="wr-btn grey-bg col-xs-12 col-md-12 col-lg-12 uppercase font-extra-large" value="Submit">
            </div>
        </form>
        <div class="clearfix"></div>
    </div>
</div>]
	at org.wso2.carbon.identity.template.mgt.dao.impl.TemplateManagerDAOImplTest.testGetTemplateByName(TemplateManagerDAOImplTest.java:263)
]]></failure>
  </testcase>
  <testcase name="testGetTemplateByName" classname="org.wso2.carbon.identity.template.mgt.dao.impl.TemplateManagerDAOImplTest" time="0.005">
    <failure message="expected [&lt;!-- You can customize the user prompt template here... --&gt;	&lt;div class=&quot;uppercase&quot;&gt;    &lt;h3&gt;Welcome {{name}}&lt;/h3&gt;&lt;/div&gt;&lt;div class=&quot;boarder-all &quot;&gt;    &lt;div class=&quot;clearfix&quot;&gt;&lt;/div&gt;    &lt;div class=&quot;padding-double login-form&quot;&gt;        &lt;form id=&quot;template-form&quot; method=&quot;POST&quot;&gt; &lt;!-- *DO NOT CHANGE THIS* --&gt;            &lt;div class=&quot;col-xs-12 col-sm-12 col-md-12 col-lg-12 form-group required&quot;&gt;                &lt;!-- Add the required input field/s here...                It should follow the below mentioned format--&gt;                &lt;label for=&quot;sampleInput&quot; class=&quot;control-label&quot;&gt;sample input&lt;/label&gt;                &lt;input type=&quot;text&quot; id=&quot;sampleInput&quot; name=&quot;sample_input&quot; class=&quot;form-control&quot; placeholder=&quot;sample input placeholder&quot; /&gt;            &lt;/div&gt;            &lt;input type=&quot;hidden&quot; id=&quot;promptResp&quot; name=&quot;promptResp&quot; value=&quot;true&quot;&gt; &lt;!-- *DO NOT CHANGE THIS* --&gt;            &lt;input type=&quot;hidden&quot; id=&quot;promptId&quot; name=&quot;promptId&quot;&gt; &lt;!-- *DO NOT CHANGE THIS* --&gt;            &lt;div class=&quot;col-xs-12 col-sm-12 col-md-12 col-lg-12 form-group required&quot;&gt;                &lt;input type=&quot;submit&quot; class=&quot;wr-btn grey-bg col-xs-12 col-md-12 col-lg-12 uppercase font-extra-large&quot; value=&quot;Submit&quot;&gt;            &lt;/div&gt;        &lt;/form&gt;        &lt;div class=&quot;clearfix&quot;&gt;&lt;/div&gt;    &lt;/div&gt;&lt;/div&gt;] but found [&lt;!-- You can customize the user prompt template here... --&gt;&#10;	&#10;&lt;div class=&quot;uppercase&quot;&gt;&#10;    &lt;h3&gt;Welcome {{name}}&lt;/h3&gt;&#10;&lt;/div&gt;&#10;&#10;&lt;div class=&quot;boarder-all &quot;&gt;&#10;    &lt;div class=&quot;clearfix&quot;&gt;&lt;/div&gt;&#10;    &lt;div class=&quot;padding-double login-form&quot;&gt;&#10;&#10;        &lt;form id=&quot;template-form&quot; method=&quot;POST&quot;&gt; &lt;!-- *DO NOT CHANGE THIS* --&gt;&#10;            &lt;div class=&quot;col-xs-12 col-sm-12 col-md-12 col-lg-12 form-group required&quot;&gt;&#10;&#10;                &lt;!-- Add the required input field/s here...&#10;                It should follow the below mentioned format--&gt;&#10;&#10;                &lt;label for=&quot;sampleInput&quot; class=&quot;control-label&quot;&gt;sample input&lt;/label&gt;&#10;                &lt;input type=&quot;text&quot; id=&quot;sampleInput&quot; name=&quot;sample_input&quot; class=&quot;form-control&quot; placeholder=&quot;sample input placeholder&quot; /&gt;&#10;&#10;            &lt;/div&gt;&#10;&#10;            &lt;input type=&quot;hidden&quot; id=&quot;promptResp&quot; name=&quot;promptResp&quot; value=&quot;true&quot;&gt; &lt;!-- *DO NOT CHANGE THIS* --&gt;&#10;            &lt;input type=&quot;hidden&quot; id=&quot;promptId&quot; name=&quot;promptId&quot;&gt; &lt;!-- *DO NOT CHANGE THIS* --&gt;&#10;&#10;            &lt;div class=&quot;col-xs-12 col-sm-12 col-md-12 col-lg-12 form-group required&quot;&gt;&#10;                &lt;input type=&quot;submit&quot; class=&quot;wr-btn grey-bg col-xs-12 col-md-12 col-lg-12 uppercase font-extra-large&quot; value=&quot;Submit&quot;&gt;&#10;            &lt;/div&gt;&#10;        &lt;/form&gt;&#10;        &lt;div class=&quot;clearfix&quot;&gt;&lt;/div&gt;&#10;    &lt;/div&gt;&#10;&lt;/div&gt;]" type="java.lang.AssertionError"><![CDATA[java.lang.AssertionError: 
expected [<!-- You can customize the user prompt template here... -->	<div class="uppercase">    <h3>Welcome {{name}}</h3></div><div class="boarder-all ">    <div class="clearfix"></div>    <div class="padding-double login-form">        <form id="template-form" method="POST"> <!-- *DO NOT CHANGE THIS* -->            <div class="col-xs-12 col-sm-12 col-md-12 col-lg-12 form-group required">                <!-- Add the required input field/s here...                It should follow the below mentioned format-->                <label for="sampleInput" class="control-label">sample input</label>                <input type="text" id="sampleInput" name="sample_input" class="form-control" placeholder="sample input placeholder" />            </div>            <input type="hidden" id="promptResp" name="promptResp" value="true"> <!-- *DO NOT CHANGE THIS* -->            <input type="hidden" id="promptId" name="promptId"> <!-- *DO NOT CHANGE THIS* -->            <div class="col-xs-12 col-sm-12 col-md-12 col-lg-12 form-group required">                <input type="submit" class="wr-btn grey-bg col-xs-12 col-md-12 col-lg-12 uppercase font-extra-large" value="Submit">            </div>        </form>        <div class="clearfix"></div>    </div></div>] but found [<!-- You can customize the user prompt template here... -->
	
<div class="uppercase">
    <h3>Welcome {{name}}</h3>
</div>

<div class="boarder-all ">
    <div class="clearfix"></div>
    <div class="padding-double login-form">

        <form id="template-form" method="POST"> <!-- *DO NOT CHANGE THIS* -->
            <div class="col-xs-12 col-sm-12 col-md-12 col-lg-12 form-group required">

                <!-- Add the required input field/s here...
                It should follow the below mentioned format-->

                <label for="sampleInput" class="control-label">sample input</label>
                <input type="text" id="sampleInput" name="sample_input" class="form-control" placeholder="sample input placeholder" />

            </div>

            <input type="hidden" id="promptResp" name="promptResp" value="true"> <!-- *DO NOT CHANGE THIS* -->
            <input type="hidden" id="promptId" name="promptId"> <!-- *DO NOT CHANGE THIS* -->

            <div class="col-xs-12 col-sm-12 col-md-12 col-lg-12 form-group required">
                <input type="submit" class="wr-btn grey-bg col-xs-12 col-md-12 col-lg-12 uppercase font-extra-large" value="Submit">
            </div>
        </form>
        <div class="clearfix"></div>
    </div>
</div>]
	at org.wso2.carbon.identity.template.mgt.dao.impl.TemplateManagerDAOImplTest.testGetTemplateByName(TemplateManagerDAOImplTest.java:263)
]]></failure>
  </testcase>
  <testcase name="testGetTemplateByNameDataAccessException" classname="org.wso2.carbon.identity.template.mgt.dao.impl.TemplateManagerDAOImplTest" time="0.002"/>
  <testcase name="testGetTemplateByNameDataAccessException" classname="org.wso2.carbon.identity.template.mgt.dao.impl.TemplateManagerDAOImplTest" time="0.003"/>
  <testcase name="testGetTemplateByNameDataAccessException" classname="org.wso2.carbon.identity.template.mgt.dao.impl.TemplateManagerDAOImplTest" time="0.002"/>
  <testcase name="testGetTemplateList" classname="org.wso2.carbon.identity.template.mgt.dao.impl.TemplateManagerDAOImplTest" time="0.026"/>
  <testcase name="testGetTemplateList" classname="org.wso2.carbon.identity.template.mgt.dao.impl.TemplateManagerDAOImplTest" time="0.007"/>
  <testcase name="testGetTemplateList" classname="org.wso2.carbon.identity.template.mgt.dao.impl.TemplateManagerDAOImplTest" time="0.006"/>
  <testcase name="testGetTemplateListDataAccessException" classname="org.wso2.carbon.identity.template.mgt.dao.impl.TemplateManagerDAOImplTest" time="0.005"/>
  <testcase name="testGetTemplateListDataAccessException" classname="org.wso2.carbon.identity.template.mgt.dao.impl.TemplateManagerDAOImplTest" time="0.006"/>
  <testcase name="testGetTemplateListDataAccessException" classname="org.wso2.carbon.identity.template.mgt.dao.impl.TemplateManagerDAOImplTest" time="0.005"/>
  <testcase name="testUpdateTemplate" classname="org.wso2.carbon.identity.template.mgt.dao.impl.TemplateManagerDAOImplTest" time="0.007">
    <failure message="Error occurred while updating the template: T1 Updated." type="org.wso2.carbon.identity.template.mgt.exception.TemplateManagementServerException">org.wso2.carbon.identity.template.mgt.exception.TemplateManagementServerException: Error occurred while updating the template: T1 Updated.
	at org.wso2.carbon.identity.template.mgt.dao.impl.TemplateManagerDAOImplTest.testUpdateTemplate(TemplateManagerDAOImplTest.java:223)
Caused by: org.wso2.carbon.database.utils.jdbc.exceptions.DataAccessException: Error in performing Database query: '%s'UPDATE IDN_TEMPLATE_MGT SET NAME= ?, DESCRIPTION= ?, TEMPLATE_SCRIPT= ? WHERE TENANT_ID= ? AND NAME = ?
	at org.wso2.carbon.identity.template.mgt.dao.impl.TemplateManagerDAOImplTest.testUpdateTemplate(TemplateManagerDAOImplTest.java:223)
Caused by: org.h2.jdbc.JdbcSQLException: 
Parameter "#3" is not set; SQL statement:
UPDATE IDN_TEMPLATE_MGT SET NAME= ?, DESCRIPTION= ?, TEMPLATE_SCRIPT= ? WHERE TENANT_ID= ? AND NAME = ? [90012-175]
	at org.wso2.carbon.identity.template.mgt.dao.impl.TemplateManagerDAOImplTest.testUpdateTemplate(TemplateManagerDAOImplTest.java:223)
</failure>
  </testcase>
  <testcase name="testUpdateTemplate" classname="org.wso2.carbon.identity.template.mgt.dao.impl.TemplateManagerDAOImplTest" time="0.004">
    <failure message="Error occurred while updating the template: T2 Updated." type="org.wso2.carbon.identity.template.mgt.exception.TemplateManagementServerException">org.wso2.carbon.identity.template.mgt.exception.TemplateManagementServerException: Error occurred while updating the template: T2 Updated.
	at org.wso2.carbon.identity.template.mgt.dao.impl.TemplateManagerDAOImplTest.testUpdateTemplate(TemplateManagerDAOImplTest.java:223)
Caused by: org.wso2.carbon.database.utils.jdbc.exceptions.DataAccessException: Error in performing Database query: '%s'UPDATE IDN_TEMPLATE_MGT SET NAME= ?, DESCRIPTION= ?, TEMPLATE_SCRIPT= ? WHERE TENANT_ID= ? AND NAME = ?
	at org.wso2.carbon.identity.template.mgt.dao.impl.TemplateManagerDAOImplTest.testUpdateTemplate(TemplateManagerDAOImplTest.java:223)
Caused by: org.h2.jdbc.JdbcSQLException: 
Parameter "#3" is not set; SQL statement:
UPDATE IDN_TEMPLATE_MGT SET NAME= ?, DESCRIPTION= ?, TEMPLATE_SCRIPT= ? WHERE TENANT_ID= ? AND NAME = ? [90012-175]
	at org.wso2.carbon.identity.template.mgt.dao.impl.TemplateManagerDAOImplTest.testUpdateTemplate(TemplateManagerDAOImplTest.java:223)
</failure>
  </testcase>
  <testcase name="testUpdateTemplate" classname="org.wso2.carbon.identity.template.mgt.dao.impl.TemplateManagerDAOImplTest" time="0.004">
    <failure message="Error occurred while updating the template: T3 Updated." type="org.wso2.carbon.identity.template.mgt.exception.TemplateManagementServerException">org.wso2.carbon.identity.template.mgt.exception.TemplateManagementServerException: Error occurred while updating the template: T3 Updated.
	at org.wso2.carbon.identity.template.mgt.dao.impl.TemplateManagerDAOImplTest.testUpdateTemplate(TemplateManagerDAOImplTest.java:223)
Caused by: org.wso2.carbon.database.utils.jdbc.exceptions.DataAccessException: Error in performing Database query: '%s'UPDATE IDN_TEMPLATE_MGT SET NAME= ?, DESCRIPTION= ?, TEMPLATE_SCRIPT= ? WHERE TENANT_ID= ? AND NAME = ?
	at org.wso2.carbon.identity.template.mgt.dao.impl.TemplateManagerDAOImplTest.testUpdateTemplate(TemplateManagerDAOImplTest.java:223)
Caused by: org.h2.jdbc.JdbcSQLException: 
Parameter "#3" is not set; SQL statement:
UPDATE IDN_TEMPLATE_MGT SET NAME= ?, DESCRIPTION= ?, TEMPLATE_SCRIPT= ? WHERE TENANT_ID= ? AND NAME = ? [90012-175]
	at org.wso2.carbon.identity.template.mgt.dao.impl.TemplateManagerDAOImplTest.testUpdateTemplate(TemplateManagerDAOImplTest.java:223)
</failure>
  </testcase>
  <testcase name="testUpdateTemplateServerException" classname="org.wso2.carbon.identity.template.mgt.dao.impl.TemplateManagerDAOImplTest" time="0.003"/>
  <testcase name="testUpdateTemplateServerException" classname="org.wso2.carbon.identity.template.mgt.dao.impl.TemplateManagerDAOImplTest" time="0.004"/>
  <testcase name="testUpdateTemplateServerException" classname="org.wso2.carbon.identity.template.mgt.dao.impl.TemplateManagerDAOImplTest" time="0.003"/>
  <testcase name="testAddTemplate" classname="org.wso2.carbon.identity.template.mgt.TemplateManagerImplTest" time="0.031"/>
  <testcase name="testAddTemplate" classname="org.wso2.carbon.identity.template.mgt.TemplateManagerImplTest" time="0.001"/>
  <testcase name="testAddTemplate" classname="org.wso2.carbon.identity.template.mgt.TemplateManagerImplTest" time="0.001"/>
  <testcase name="testDeleteTemplate" classname="org.wso2.carbon.identity.template.mgt.TemplateManagerImplTest" time="0.055"/>
  <testcase name="testDeleteTemplate" classname="org.wso2.carbon.identity.template.mgt.TemplateManagerImplTest" time="0.003"/>
  <testcase name="testDeleteTemplate" classname="org.wso2.carbon.identity.template.mgt.TemplateManagerImplTest" time="0.003"/>
  <testcase name="testErrorCodes" classname="org.wso2.carbon.identity.template.mgt.TemplateManagerImplTest" time="0.003"/>
  <testcase name="testGetTemplateByName" classname="org.wso2.carbon.identity.template.mgt.TemplateManagerImplTest" time="0.009">
    <failure message="expected [&lt;!-- You can customize the user prompt template here... --&gt;	&lt;div class=&quot;uppercase&quot;&gt;    &lt;h3&gt;Welcome {{name}}&lt;/h3&gt;&lt;/div&gt;&lt;div class=&quot;boarder-all &quot;&gt;    &lt;div class=&quot;clearfix&quot;&gt;&lt;/div&gt;    &lt;div class=&quot;padding-double login-form&quot;&gt;        &lt;form id=&quot;template-form&quot; method=&quot;POST&quot;&gt; &lt;!-- *DO NOT CHANGE THIS* --&gt;            &lt;div class=&quot;col-xs-12 col-sm-12 col-md-12 col-lg-12 form-group required&quot;&gt;                &lt;!-- Add the required input field/s here...                It should follow the below mentioned format--&gt;                &lt;label for=&quot;sampleInput&quot; class=&quot;control-label&quot;&gt;sample input&lt;/label&gt;                &lt;input type=&quot;text&quot; id=&quot;sampleInput&quot; name=&quot;sample_input&quot; class=&quot;form-control&quot; placeholder=&quot;sample input placeholder&quot; /&gt;            &lt;/div&gt;            &lt;input type=&quot;hidden&quot; id=&quot;promptResp&quot; name=&quot;promptResp&quot; value=&quot;true&quot;&gt; &lt;!-- *DO NOT CHANGE THIS* --&gt;            &lt;input type=&quot;hidden&quot; id=&quot;promptId&quot; name=&quot;promptId&quot;&gt; &lt;!-- *DO NOT CHANGE THIS* --&gt;            &lt;div class=&quot;col-xs-12 col-sm-12 col-md-12 col-lg-12 form-group required&quot;&gt;                &lt;input type=&quot;submit&quot; class=&quot;wr-btn grey-bg col-xs-12 col-md-12 col-lg-12 uppercase font-extra-large&quot; value=&quot;Submit&quot;&gt;            &lt;/div&gt;        &lt;/form&gt;        &lt;div class=&quot;clearfix&quot;&gt;&lt;/div&gt;    &lt;/div&gt;&lt;/div&gt;] but found [&lt;!-- You can customize the user prompt template here... --&gt;&#10;	&#10;&lt;div class=&quot;uppercase&quot;&gt;&#10;    &lt;h3&gt;Welcome {{name}}&lt;/h3&gt;&#10;&lt;/div&gt;&#10;&#10;&lt;div class=&quot;boarder-all &quot;&gt;&#10;    &lt;div class=&quot;clearfix&quot;&gt;&lt;/div&gt;&#10;    &lt;div class=&quot;padding-double login-form&quot;&gt;&#10;&#10;        &lt;form id=&quot;template-form&quot; method=&quot;POST&quot;&gt; &lt;!-- *DO NOT CHANGE THIS* --&gt;&#10;            &lt;div class=&quot;col-xs-12 col-sm-12 col-md-12 col-lg-12 form-group required&quot;&gt;&#10;&#10;                &lt;!-- Add the required input field/s here...&#10;                It should follow the below mentioned format--&gt;&#10;&#10;                &lt;label for=&quot;sampleInput&quot; class=&quot;control-label&quot;&gt;sample input&lt;/label&gt;&#10;                &lt;input type=&quot;text&quot; id=&quot;sampleInput&quot; name=&quot;sample_input&quot; class=&quot;form-control&quot; placeholder=&quot;sample input placeholder&quot; /&gt;&#10;&#10;            &lt;/div&gt;&#10;&#10;            &lt;input type=&quot;hidden&quot; id=&quot;promptResp&quot; name=&quot;promptResp&quot; value=&quot;true&quot;&gt; &lt;!-- *DO NOT CHANGE THIS* --&gt;&#10;            &lt;input type=&quot;hidden&quot; id=&quot;promptId&quot; name=&quot;promptId&quot;&gt; &lt;!-- *DO NOT CHANGE THIS* --&gt;&#10;&#10;            &lt;div class=&quot;col-xs-12 col-sm-12 col-md-12 col-lg-12 form-group required&quot;&gt;&#10;                &lt;input type=&quot;submit&quot; class=&quot;wr-btn grey-bg col-xs-12 col-md-12 col-lg-12 uppercase font-extra-large&quot; value=&quot;Submit&quot;&gt;&#10;            &lt;/div&gt;&#10;        &lt;/form&gt;&#10;        &lt;div class=&quot;clearfix&quot;&gt;&lt;/div&gt;&#10;    &lt;/div&gt;&#10;&lt;/div&gt;]" type="java.lang.AssertionError"><![CDATA[java.lang.AssertionError: 
expected [<!-- You can customize the user prompt template here... -->	<div class="uppercase">    <h3>Welcome {{name}}</h3></div><div class="boarder-all ">    <div class="clearfix"></div>    <div class="padding-double login-form">        <form id="template-form" method="POST"> <!-- *DO NOT CHANGE THIS* -->            <div class="col-xs-12 col-sm-12 col-md-12 col-lg-12 form-group required">                <!-- Add the required input field/s here...                It should follow the below mentioned format-->                <label for="sampleInput" class="control-label">sample input</label>                <input type="text" id="sampleInput" name="sample_input" class="form-control" placeholder="sample input placeholder" />            </div>            <input type="hidden" id="promptResp" name="promptResp" value="true"> <!-- *DO NOT CHANGE THIS* -->            <input type="hidden" id="promptId" name="promptId"> <!-- *DO NOT CHANGE THIS* -->            <div class="col-xs-12 col-sm-12 col-md-12 col-lg-12 form-group required">                <input type="submit" class="wr-btn grey-bg col-xs-12 col-md-12 col-lg-12 uppercase font-extra-large" value="Submit">            </div>        </form>        <div class="clearfix"></div>    </div></div>] but found [<!-- You can customize the user prompt template here... -->
	
<div class="uppercase">
    <h3>Welcome {{name}}</h3>
</div>

<div class="boarder-all ">
    <div class="clearfix"></div>
    <div class="padding-double login-form">

        <form id="template-form" method="POST"> <!-- *DO NOT CHANGE THIS* -->
            <div class="col-xs-12 col-sm-12 col-md-12 col-lg-12 form-group required">

                <!-- Add the required input field/s here...
                It should follow the below mentioned format-->

                <label for="sampleInput" class="control-label">sample input</label>
                <input type="text" id="sampleInput" name="sample_input" class="form-control" placeholder="sample input placeholder" />

            </div>

            <input type="hidden" id="promptResp" name="promptResp" value="true"> <!-- *DO NOT CHANGE THIS* -->
            <input type="hidden" id="promptId" name="promptId"> <!-- *DO NOT CHANGE THIS* -->

            <div class="col-xs-12 col-sm-12 col-md-12 col-lg-12 form-group required">
                <input type="submit" class="wr-btn grey-bg col-xs-12 col-md-12 col-lg-12 uppercase font-extra-large" value="Submit">
            </div>
        </form>
        <div class="clearfix"></div>
    </div>
</div>]
	at org.wso2.carbon.identity.template.mgt.TemplateManagerImplTest.testGetTemplateByName(TemplateManagerImplTest.java:257)
]]></failure>
  </testcase>
  <testcase name="testGetTemplateByName" classname="org.wso2.carbon.identity.template.mgt.TemplateManagerImplTest" time="0.004">
    <failure message="expected [&lt;!-- You can customize the user prompt template here... --&gt;	&lt;div class=&quot;uppercase&quot;&gt;    &lt;h3&gt;Welcome {{name}}&lt;/h3&gt;&lt;/div&gt;&lt;div class=&quot;boarder-all &quot;&gt;    &lt;div class=&quot;clearfix&quot;&gt;&lt;/div&gt;    &lt;div class=&quot;padding-double login-form&quot;&gt;        &lt;form id=&quot;template-form&quot; method=&quot;POST&quot;&gt; &lt;!-- *DO NOT CHANGE THIS* --&gt;            &lt;div class=&quot;col-xs-12 col-sm-12 col-md-12 col-lg-12 form-group required&quot;&gt;                &lt;!-- Add the required input field/s here...                It should follow the below mentioned format--&gt;                &lt;label for=&quot;sampleInput&quot; class=&quot;control-label&quot;&gt;sample input&lt;/label&gt;                &lt;input type=&quot;text&quot; id=&quot;sampleInput&quot; name=&quot;sample_input&quot; class=&quot;form-control&quot; placeholder=&quot;sample input placeholder&quot; /&gt;            &lt;/div&gt;            &lt;input type=&quot;hidden&quot; id=&quot;promptResp&quot; name=&quot;promptResp&quot; value=&quot;true&quot;&gt; &lt;!-- *DO NOT CHANGE THIS* --&gt;            &lt;input type=&quot;hidden&quot; id=&quot;promptId&quot; name=&quot;promptId&quot;&gt; &lt;!-- *DO NOT CHANGE THIS* --&gt;            &lt;div class=&quot;col-xs-12 col-sm-12 col-md-12 col-lg-12 form-group required&quot;&gt;                &lt;input type=&quot;submit&quot; class=&quot;wr-btn grey-bg col-xs-12 col-md-12 col-lg-12 uppercase font-extra-large&quot; value=&quot;Submit&quot;&gt;            &lt;/div&gt;        &lt;/form&gt;        &lt;div class=&quot;clearfix&quot;&gt;&lt;/div&gt;    &lt;/div&gt;&lt;/div&gt;] but found [&lt;!-- You can customize the user prompt template here... --&gt;&#10;	&#10;&lt;div class=&quot;uppercase&quot;&gt;&#10;    &lt;h3&gt;Welcome {{name}}&lt;/h3&gt;&#10;&lt;/div&gt;&#10;&#10;&lt;div class=&quot;boarder-all &quot;&gt;&#10;    &lt;div class=&quot;clearfix&quot;&gt;&lt;/div&gt;&#10;    &lt;div class=&quot;padding-double login-form&quot;&gt;&#10;&#10;        &lt;form id=&quot;template-form&quot; method=&quot;POST&quot;&gt; &lt;!-- *DO NOT CHANGE THIS* --&gt;&#10;            &lt;div class=&quot;col-xs-12 col-sm-12 col-md-12 col-lg-12 form-group required&quot;&gt;&#10;&#10;                &lt;!-- Add the required input field/s here...&#10;                It should follow the below mentioned format--&gt;&#10;&#10;                &lt;label for=&quot;sampleInput&quot; class=&quot;control-label&quot;&gt;sample input&lt;/label&gt;&#10;                &lt;input type=&quot;text&quot; id=&quot;sampleInput&quot; name=&quot;sample_input&quot; class=&quot;form-control&quot; placeholder=&quot;sample input placeholder&quot; /&gt;&#10;&#10;            &lt;/div&gt;&#10;&#10;            &lt;input type=&quot;hidden&quot; id=&quot;promptResp&quot; name=&quot;promptResp&quot; value=&quot;true&quot;&gt; &lt;!-- *DO NOT CHANGE THIS* --&gt;&#10;            &lt;input type=&quot;hidden&quot; id=&quot;promptId&quot; name=&quot;promptId&quot;&gt; &lt;!-- *DO NOT CHANGE THIS* --&gt;&#10;&#10;            &lt;div class=&quot;col-xs-12 col-sm-12 col-md-12 col-lg-12 form-group required&quot;&gt;&#10;                &lt;input type=&quot;submit&quot; class=&quot;wr-btn grey-bg col-xs-12 col-md-12 col-lg-12 uppercase font-extra-large&quot; value=&quot;Submit&quot;&gt;&#10;            &lt;/div&gt;&#10;        &lt;/form&gt;&#10;        &lt;div class=&quot;clearfix&quot;&gt;&lt;/div&gt;&#10;    &lt;/div&gt;&#10;&lt;/div&gt;]" type="java.lang.AssertionError"><![CDATA[java.lang.AssertionError: 
expected [<!-- You can customize the user prompt template here... -->	<div class="uppercase">    <h3>Welcome {{name}}</h3></div><div class="boarder-all ">    <div class="clearfix"></div>    <div class="padding-double login-form">        <form id="template-form" method="POST"> <!-- *DO NOT CHANGE THIS* -->            <div class="col-xs-12 col-sm-12 col-md-12 col-lg-12 form-group required">                <!-- Add the required input field/s here...                It should follow the below mentioned format-->                <label for="sampleInput" class="control-label">sample input</label>                <input type="text" id="sampleInput" name="sample_input" class="form-control" placeholder="sample input placeholder" />            </div>            <input type="hidden" id="promptResp" name="promptResp" value="true"> <!-- *DO NOT CHANGE THIS* -->            <input type="hidden" id="promptId" name="promptId"> <!-- *DO NOT CHANGE THIS* -->            <div class="col-xs-12 col-sm-12 col-md-12 col-lg-12 form-group required">                <input type="submit" class="wr-btn grey-bg col-xs-12 col-md-12 col-lg-12 uppercase font-extra-large" value="Submit">            </div>        </form>        <div class="clearfix"></div>    </div></div>] but found [<!-- You can customize the user prompt template here... -->
	
<div class="uppercase">
    <h3>Welcome {{name}}</h3>
</div>

<div class="boarder-all ">
    <div class="clearfix"></div>
    <div class="padding-double login-form">

        <form id="template-form" method="POST"> <!-- *DO NOT CHANGE THIS* -->
            <div class="col-xs-12 col-sm-12 col-md-12 col-lg-12 form-group required">

                <!-- Add the required input field/s here...
                It should follow the below mentioned format-->

                <label for="sampleInput" class="control-label">sample input</label>
                <input type="text" id="sampleInput" name="sample_input" class="form-control" placeholder="sample input placeholder" />

            </div>

            <input type="hidden" id="promptResp" name="promptResp" value="true"> <!-- *DO NOT CHANGE THIS* -->
            <input type="hidden" id="promptId" name="promptId"> <!-- *DO NOT CHANGE THIS* -->

            <div class="col-xs-12 col-sm-12 col-md-12 col-lg-12 form-group required">
                <input type="submit" class="wr-btn grey-bg col-xs-12 col-md-12 col-lg-12 uppercase font-extra-large" value="Submit">
            </div>
        </form>
        <div class="clearfix"></div>
    </div>
</div>]
	at org.wso2.carbon.identity.template.mgt.TemplateManagerImplTest.testGetTemplateByName(TemplateManagerImplTest.java:257)
]]></failure>
  </testcase>
  <testcase name="testGetTemplateByName" classname="org.wso2.carbon.identity.template.mgt.TemplateManagerImplTest" time="0.003">
    <failure message="expected [&lt;!-- You can customize the user prompt template here... --&gt;	&lt;div class=&quot;uppercase&quot;&gt;    &lt;h3&gt;Welcome {{name}}&lt;/h3&gt;&lt;/div&gt;&lt;div class=&quot;boarder-all &quot;&gt;    &lt;div class=&quot;clearfix&quot;&gt;&lt;/div&gt;    &lt;div class=&quot;padding-double login-form&quot;&gt;        &lt;form id=&quot;template-form&quot; method=&quot;POST&quot;&gt; &lt;!-- *DO NOT CHANGE THIS* --&gt;            &lt;div class=&quot;col-xs-12 col-sm-12 col-md-12 col-lg-12 form-group required&quot;&gt;                &lt;!-- Add the required input field/s here...                It should follow the below mentioned format--&gt;                &lt;label for=&quot;sampleInput&quot; class=&quot;control-label&quot;&gt;sample input&lt;/label&gt;                &lt;input type=&quot;text&quot; id=&quot;sampleInput&quot; name=&quot;sample_input&quot; class=&quot;form-control&quot; placeholder=&quot;sample input placeholder&quot; /&gt;            &lt;/div&gt;            &lt;input type=&quot;hidden&quot; id=&quot;promptResp&quot; name=&quot;promptResp&quot; value=&quot;true&quot;&gt; &lt;!-- *DO NOT CHANGE THIS* --&gt;            &lt;input type=&quot;hidden&quot; id=&quot;promptId&quot; name=&quot;promptId&quot;&gt; &lt;!-- *DO NOT CHANGE THIS* --&gt;            &lt;div class=&quot;col-xs-12 col-sm-12 col-md-12 col-lg-12 form-group required&quot;&gt;                &lt;input type=&quot;submit&quot; class=&quot;wr-btn grey-bg col-xs-12 col-md-12 col-lg-12 uppercase font-extra-large&quot; value=&quot;Submit&quot;&gt;            &lt;/div&gt;        &lt;/form&gt;        &lt;div class=&quot;clearfix&quot;&gt;&lt;/div&gt;    &lt;/div&gt;&lt;/div&gt;] but found [&lt;!-- You can customize the user prompt template here... --&gt;&#10;	&#10;&lt;div class=&quot;uppercase&quot;&gt;&#10;    &lt;h3&gt;Welcome {{name}}&lt;/h3&gt;&#10;&lt;/div&gt;&#10;&#10;&lt;div class=&quot;boarder-all &quot;&gt;&#10;    &lt;div class=&quot;clearfix&quot;&gt;&lt;/div&gt;&#10;    &lt;div class=&quot;padding-double login-form&quot;&gt;&#10;&#10;        &lt;form id=&quot;template-form&quot; method=&quot;POST&quot;&gt; &lt;!-- *DO NOT CHANGE THIS* --&gt;&#10;            &lt;div class=&quot;col-xs-12 col-sm-12 col-md-12 col-lg-12 form-group required&quot;&gt;&#10;&#10;                &lt;!-- Add the required input field/s here...&#10;                It should follow the below mentioned format--&gt;&#10;&#10;                &lt;label for=&quot;sampleInput&quot; class=&quot;control-label&quot;&gt;sample input&lt;/label&gt;&#10;                &lt;input type=&quot;text&quot; id=&quot;sampleInput&quot; name=&quot;sample_input&quot; class=&quot;form-control&quot; placeholder=&quot;sample input placeholder&quot; /&gt;&#10;&#10;            &lt;/div&gt;&#10;&#10;            &lt;input type=&quot;hidden&quot; id=&quot;promptResp&quot; name=&quot;promptResp&quot; value=&quot;true&quot;&gt; &lt;!-- *DO NOT CHANGE THIS* --&gt;&#10;            &lt;input type=&quot;hidden&quot; id=&quot;promptId&quot; name=&quot;promptId&quot;&gt; &lt;!-- *DO NOT CHANGE THIS* --&gt;&#10;&#10;            &lt;div class=&quot;col-xs-12 col-sm-12 col-md-12 col-lg-12 form-group required&quot;&gt;&#10;                &lt;input type=&quot;submit&quot; class=&quot;wr-btn grey-bg col-xs-12 col-md-12 col-lg-12 uppercase font-extra-large&quot; value=&quot;Submit&quot;&gt;&#10;            &lt;/div&gt;&#10;        &lt;/form&gt;&#10;        &lt;div class=&quot;clearfix&quot;&gt;&lt;/div&gt;&#10;    &lt;/div&gt;&#10;&lt;/div&gt;]" type="java.lang.AssertionError"><![CDATA[java.lang.AssertionError: 
expected [<!-- You can customize the user prompt template here... -->	<div class="uppercase">    <h3>Welcome {{name}}</h3></div><div class="boarder-all ">    <div class="clearfix"></div>    <div class="padding-double login-form">        <form id="template-form" method="POST"> <!-- *DO NOT CHANGE THIS* -->            <div class="col-xs-12 col-sm-12 col-md-12 col-lg-12 form-group required">                <!-- Add the required input field/s here...                It should follow the below mentioned format-->                <label for="sampleInput" class="control-label">sample input</label>                <input type="text" id="sampleInput" name="sample_input" class="form-control" placeholder="sample input placeholder" />            </div>            <input type="hidden" id="promptResp" name="promptResp" value="true"> <!-- *DO NOT CHANGE THIS* -->            <input type="hidden" id="promptId" name="promptId"> <!-- *DO NOT CHANGE THIS* -->            <div class="col-xs-12 col-sm-12 col-md-12 col-lg-12 form-group required">                <input type="submit" class="wr-btn grey-bg col-xs-12 col-md-12 col-lg-12 uppercase font-extra-large" value="Submit">            </div>        </form>        <div class="clearfix"></div>    </div></div>] but found [<!-- You can customize the user prompt template here... -->
	
<div class="uppercase">
    <h3>Welcome {{name}}</h3>
</div>

<div class="boarder-all ">
    <div class="clearfix"></div>
    <div class="padding-double login-form">

        <form id="template-form" method="POST"> <!-- *DO NOT CHANGE THIS* -->
            <div class="col-xs-12 col-sm-12 col-md-12 col-lg-12 form-group required">

                <!-- Add the required input field/s here...
                It should follow the below mentioned format-->

                <label for="sampleInput" class="control-label">sample input</label>
                <input type="text" id="sampleInput" name="sample_input" class="form-control" placeholder="sample input placeholder" />

            </div>

            <input type="hidden" id="promptResp" name="promptResp" value="true"> <!-- *DO NOT CHANGE THIS* -->
            <input type="hidden" id="promptId" name="promptId"> <!-- *DO NOT CHANGE THIS* -->

            <div class="col-xs-12 col-sm-12 col-md-12 col-lg-12 form-group required">
                <input type="submit" class="wr-btn grey-bg col-xs-12 col-md-12 col-lg-12 uppercase font-extra-large" value="Submit">
            </div>
        </form>
        <div class="clearfix"></div>
    </div>
</div>]
	at org.wso2.carbon.identity.template.mgt.TemplateManagerImplTest.testGetTemplateByName(TemplateManagerImplTest.java:257)
]]></failure>
  </testcase>
  <testcase name="testGetTemplateList" classname="org.wso2.carbon.identity.template.mgt.TemplateManagerImplTest" time="0.014"/>
  <testcase name="testGetTemplateList" classname="org.wso2.carbon.identity.template.mgt.TemplateManagerImplTest" time="0.005"/>
  <testcase name="testGetTemplateList" classname="org.wso2.carbon.identity.template.mgt.TemplateManagerImplTest" time="0.004"/>
  <testcase name="testSetTenantIdIfNull" classname="org.wso2.carbon.identity.template.mgt.TemplateManagerImplTest" time="0.001"/>
  <testcase name="testUpdateTemplate" classname="org.wso2.carbon.identity.template.mgt.TemplateManagerImplTest" time="0.005">
    <failure message="Error occurred while updating the template: T1 Updated." type="org.wso2.carbon.identity.template.mgt.exception.TemplateManagementServerException">org.wso2.carbon.identity.template.mgt.exception.TemplateManagementServerException: Error occurred while updating the template: T1 Updated.
	at org.wso2.carbon.identity.template.mgt.TemplateManagerImplTest.testUpdateTemplate(TemplateManagerImplTest.java:232)
Caused by: org.wso2.carbon.database.utils.jdbc.exceptions.DataAccessException: Error in performing Database query: '%s'UPDATE IDN_TEMPLATE_MGT SET NAME= ?, DESCRIPTION= ?, TEMPLATE_SCRIPT= ? WHERE TENANT_ID= ? AND NAME = ?
	at org.wso2.carbon.identity.template.mgt.TemplateManagerImplTest.testUpdateTemplate(TemplateManagerImplTest.java:232)
Caused by: org.h2.jdbc.JdbcSQLException: 
Parameter "#3" is not set; SQL statement:
UPDATE IDN_TEMPLATE_MGT SET NAME= ?, DESCRIPTION= ?, TEMPLATE_SCRIPT= ? WHERE TENANT_ID= ? AND NAME = ? [90012-175]
	at org.wso2.carbon.identity.template.mgt.TemplateManagerImplTest.testUpdateTemplate(TemplateManagerImplTest.java:232)
</failure>
  </testcase>
  <testcase name="testUpdateTemplate" classname="org.wso2.carbon.identity.template.mgt.TemplateManagerImplTest" time="0.002">
    <failure message="Error occurred while updating the template: T2 Updated." type="org.wso2.carbon.identity.template.mgt.exception.TemplateManagementServerException">org.wso2.carbon.identity.template.mgt.exception.TemplateManagementServerException: Error occurred while updating the template: T2 Updated.
	at org.wso2.carbon.identity.template.mgt.TemplateManagerImplTest.testUpdateTemplate(TemplateManagerImplTest.java:232)
Caused by: org.wso2.carbon.database.utils.jdbc.exceptions.DataAccessException: Error in performing Database query: '%s'UPDATE IDN_TEMPLATE_MGT SET NAME= ?, DESCRIPTION= ?, TEMPLATE_SCRIPT= ? WHERE TENANT_ID= ? AND NAME = ?
	at org.wso2.carbon.identity.template.mgt.TemplateManagerImplTest.testUpdateTemplate(TemplateManagerImplTest.java:232)
Caused by: org.h2.jdbc.JdbcSQLException: 
Parameter "#3" is not set; SQL statement:
UPDATE IDN_TEMPLATE_MGT SET NAME= ?, DESCRIPTION= ?, TEMPLATE_SCRIPT= ? WHERE TENANT_ID= ? AND NAME = ? [90012-175]
	at org.wso2.carbon.identity.template.mgt.TemplateManagerImplTest.testUpdateTemplate(TemplateManagerImplTest.java:232)
</failure>
  </testcase>
  <testcase name="testValidatingInputs" classname="org.wso2.carbon.identity.template.mgt.TemplateManagerImplTest" time="0.001"/>
  <testcase name="testValidatingInputs" classname="org.wso2.carbon.identity.template.mgt.TemplateManagerImplTest" time="0.001"/>
  <testcase name="testValidatingInputs" classname="org.wso2.carbon.identity.template.mgt.TemplateManagerImplTest" time="0.001"/>
  <testcase name="testvalidatingPaginationParameters" classname="org.wso2.carbon.identity.template.mgt.TemplateManagerImplTest" time="0.001"/>
  <testcase name="testGetDescription" classname="org.wso2.carbon.identity.template.mgt.model.TemplateTest" time="0.001"/>
  <testcase name="testGetTemplateId" classname="org.wso2.carbon.identity.template.mgt.model.TemplateTest" time="0"/>
  <testcase name="testGetTemplateName" classname="org.wso2.carbon.identity.template.mgt.model.TemplateTest" time="0"/>
  <testcase name="testGetTemplateScript" classname="org.wso2.carbon.identity.template.mgt.model.TemplateTest" time="0"/>
  <testcase name="testGetTenantId" classname="org.wso2.carbon.identity.template.mgt.model.TemplateTest" time="0"/>
  <testcase name="testSetDescription" classname="org.wso2.carbon.identity.template.mgt.model.TemplateTest" time="0.001"/>
  <testcase name="testSetTemplateId" classname="org.wso2.carbon.identity.template.mgt.model.TemplateTest" time="0"/>
  <testcase name="testSetTemplateName" classname="org.wso2.carbon.identity.template.mgt.model.TemplateTest" time="0"/>
  <testcase name="testSetTemplateScript" classname="org.wso2.carbon.identity.template.mgt.model.TemplateTest" time="0"/>
  <testcase name="testSetTenantId" classname="org.wso2.carbon.identity.template.mgt.model.TemplateTest" time="0"/>
  <testcase name="testGetDescription" classname="org.wso2.carbon.identity.template.mgt.model.TemplateInfoTest" time="0"/>
  <testcase name="testGetTemplateId" classname="org.wso2.carbon.identity.template.mgt.model.TemplateInfoTest" time="0"/>
  <testcase name="testGetTemplateName" classname="org.wso2.carbon.identity.template.mgt.model.TemplateInfoTest" time="0"/>
  <testcase name="testGetTenantId" classname="org.wso2.carbon.identity.template.mgt.model.TemplateInfoTest" time="0"/>
</testsuite>